#
# A fatal error has been detected by the Java Runtime Environment:
#
#  EXCEPTION_ACCESS_VIOLATION (0xc0000005) at pc=0x00007fffe0d1c530, pid=10800, tid=15348
#
# JRE version: Java(TM) SE Runtime Environment (13.0.2+8) (build 13.0.2+8)
# Java VM: Java HotSpot(TM) 64-Bit Server VM (13.0.2+8, mixed mode, sharing, tiered, compressed oops, g1 gc, windows-amd64)
# Problematic frame:
# C  [lwjgl.dll+0x1c530]
#
# No core dump will be written. Minidumps are not enabled by default on client versions of Windows
#
# If you would like to submit a bug report, please visit:
#   http://bugreport.java.com/bugreport/crash.jsp
# The crash happened outside the Java Virtual Machine in native code.
# See problematic frame for where to report the bug.
#

---------------  S U M M A R Y ------------

Command Line: -Dfile.encoding=Cp1252 minecraft.Start

Host: Intel(R) Core(TM) i5-9600K CPU @ 3.70GHz, 6 cores, 15G,  Windows 10 , 64 bit Build 18362 (10.0.18362.329)
Time: Fri Feb 14 02:15:28 2020 Mountain Standard Time elapsed time: 1 seconds (0d 0h 0m 1s)

---------------  T H R E A D  ---------------

Current thread (0x00000200d412a000):  JavaThread "Thread-0" [_thread_in_native, id=15348, stack(0x00000092c8400000,0x00000092c8500000)]

Stack: [0x00000092c8400000,0x00000092c8500000],  sp=0x00000092c84ff328,  free space=1020k
Native frames: (J=compiled Java code, j=interpreted, Vv=VM code, C=native code)
C  [lwjgl.dll+0x1c530]

Java frames: (J=compiled Java code, j=interpreted, Vv=VM code)
j  org.lwjgl.system.dyncall.DynCallback.ndcbGetUserData(J)J+0
j  org.lwjgl.system.dyncall.DynCallback.dcbGetUserData(J)J+12
j  org.lwjgl.system.Callback.free(J)V+12
j  org.lwjgl.system.Callback.free()V+4
j  engine.io.Input.destroy()V+4
j  engine.io.Window.cleanup()V+21
j  minecraft.Game.run()V+32
j  java.lang.Thread.run()V+11 java.base@13.0.2
v  ~StubRoutines::call_stub

siginfo: EXCEPTION_ACCESS_VIOLATION (0xc0000005), reading address 0x00000200e0f40020


Register to memory mapping:

RIP=0x00007fffe0d1c530 lwjgl.dll
RAX=0x00007fffe0d199d0 lwjgl.dll
RBX={method} {0x00000200d370f520} 'ndcbGetUserData' '(J)J' in 'org/lwjgl/system/dyncall/DynCallback'
RCX=0x00000200e0f40000 is an unknown value
RDX=0x00000092c84ff3b8 is pointing into the stack for thread: 0x00000200d412a000
RSP=0x00000092c84ff328 is pointing into the stack for thread: 0x00000200d412a000
RBP=0x00000092c84ff3a8 is pointing into the stack for thread: 0x00000200d412a000
RSI=0x0000000000000148 is an unknown value
RDI=0x0000000000000459 is an unknown value
R8 =0x00000200e0f40000 is an unknown value
R9 =0x000000070f8e2e70 is an oop: java.lang.Class 
{0x000000070f8e2e70} - klass: 'java/lang/Class'
R10=0x00000200b7f7f4c8 is at code_begin+1000 in an Interpreter codelet
method entry point (kind = native)  [0x00000200b7f7f0e0, 0x00000200b7f7fc40]  2912 bytes
R11=0x000000070f8c2940 is an oop: java.lang.Class 
{0x000000070f8c2940} - klass: 'java/lang/Class'
R12=0x0 is NULL
R13={method} {0x00000200d370f520} 'ndcbGetUserData' '(J)J' in 'org/lwjgl/system/dyncall/DynCallback'
R14=0x00000092c84ff3d0 is pointing into the stack for thread: 0x00000200d412a000
R15=0x00000200d412a000 is a thread


Registers:
RAX=0x00007fffe0d199d0, RBX=0x00000200d370f518, RCX=0x00000200e0f40000, RDX=0x00000092c84ff3b8
RSP=0x00000092c84ff328, RBP=0x00000092c84ff3a8, RSI=0x0000000000000148, RDI=0x0000000000000459
R8 =0x00000200e0f40000, R9 =0x000000070f8e2e70, R10=0x00000200b7f7f4c8, R11=0x000000070f8c2940
R12=0x0000000000000000, R13=0x00000200d370f518, R14=0x00000092c84ff3d0, R15=0x00000200d412a000
RIP=0x00007fffe0d1c530, EFLAGS=0x0000000000010206

Top of Stack: (sp=0x00000092c84ff328)
0x00000092c84ff328:   00000200b7f7f4f7 00000200d36a0245
0x00000092c84ff338:   0000000000000000 00000200d412a000
0x00000092c84ff348:   0000000000000148 00000092c84ff460
0x00000092c84ff358:   00007fff9e5c9a9d 00000092c84ff360
0x00000092c84ff368:   0000000000000000 00000092c84ff3d0
0x00000092c84ff378:   00000200d3710f68 0000000000000000
0x00000092c84ff388:   000000070f8c2940 00000200d370f518
0x00000092c84ff398:   0000000000000000 00000092c84ff3c8
0x00000092c84ff3a8:   00000092c84ff420 00000200b7f79d50
0x00000092c84ff3b8:   000000070f8c2940 00000200b7f7c417
0x00000092c84ff3c8:   00000200e0f40000 0000000000000000
0x00000092c84ff3d8:   00000092c84ff3d8 00000200d370f5c4
0x00000092c84ff3e8:   00000092c84ff438 00000200d3710f68
0x00000092c84ff3f8:   0000000000000000 000000070f8c2940
0x00000092c84ff408:   00000200d370f5f0 00000092c84ff3c8
0x00000092c84ff418:   00000092c84ff430 00000092c84ff488 

Instructions: (pc=0x00007fffe0d1c530)
0x00007fffe0d1c430:   48 63 41 08 4c 8b c1 83 f8 04 7d 0f 48 8b d0 ff
0x00007fffe0d1c440:   c0 89 41 08 f2 0f 10 44 d1 30 c3 48 8b 09 48 8d
0x00007fffe0d1c450:   41 08 49 89 00 f2 0f 10 01 c3 cc cc cc cc cc cc
0x00007fffe0d1c460:   48 63 41 08 4c 8b c1 83 f8 04 7d 0f 48 8b d0 ff
0x00007fffe0d1c470:   c0 89 41 08 f3 0f 10 44 d1 30 c3 48 8b 09 48 8d
0x00007fffe0d1c480:   41 08 49 89 00 f3 0f 10 01 c3 cc cc cc cc cc cc
0x00007fffe0d1c490:   4c 8b c1 48 63 49 08 83 f9 04 7d 0f 8d 41 01 49
0x00007fffe0d1c4a0:   8d 14 c8 41 89 40 08 8b 42 10 c3 49 8b 08 48 8d
0x00007fffe0d1c4b0:   41 08 49 89 00 8b 01 c3 cc cc cc cc cc cc cc cc
0x00007fffe0d1c4c0:   48 63 51 08 4c 8b c1 83 fa 04 7d 0e 48 8b c2 ff
0x00007fffe0d1c4d0:   c2 89 51 08 48 8b 44 c1 10 c3 48 8b 01 48 8d 48
0x00007fffe0d1c4e0:   08 49 89 08 48 8b 00 c3 cc cc cc cc cc cc cc cc
0x00007fffe0d1c4f0:   4c 8b c1 48 63 49 08 83 f9 04 7d 10 8d 41 01 49
0x00007fffe0d1c500:   8d 14 c8 41 89 40 08 0f b7 42 10 c3 49 8b 08 48
0x00007fffe0d1c510:   8d 41 08 49 89 00 0f b7 01 c3 cc cc cc cc cc cc
0x00007fffe0d1c520:   ba 28 00 00 00 e9 e6 00 00 00 cc cc cc cc cc cc
0x00007fffe0d1c530:   48 8b 41 20 c3 cc cc cc cc cc cc cc cc cc cc cc
0x00007fffe0d1c540:   4c 89 41 18 4c 89 49 20 c3 cc cc cc cc cc cc cc
0x00007fffe0d1c550:   48 89 5c 24 08 57 48 83 ec 20 48 8b fa b9 28 00
0x00007fffe0d1c560:   00 00 48 8d 54 24 48 49 8b d8 e8 61 00 00 00 85
0x00007fffe0d1c570:   c0 75 40 48 8b 4c 24 48 48 8d 15 2c 01 00 00 e8
0x00007fffe0d1c580:   9c 00 00 00 48 8b 44 24 48 ba 28 00 00 00 48 89
0x00007fffe0d1c590:   78 18 48 89 58 20 48 8b 4c 24 48 e8 10 dc ff ff
0x00007fffe0d1c5a0:   85 c0 74 1c 48 8b 4c 24 48 ba 28 00 00 00 e8 5d
0x00007fffe0d1c5b0:   00 00 00 33 c0 48 8b 5c 24 30 48 83 c4 20 5f c3
0x00007fffe0d1c5c0:   48 8b 44 24 48 48 8b 5c 24 30 48 83 c4 20 5f c3
0x00007fffe0d1c5d0:   40 53 48 83 ec 20 48 8b da 41 b9 40 00 00 00 48
0x00007fffe0d1c5e0:   8b d1 41 b8 00 10 00 00 33 c9 ff 15 58 ea 01 00
0x00007fffe0d1c5f0:   48 85 c0 75 0b b8 ff ff ff ff 48 83 c4 20 5b c3
0x00007fffe0d1c600:   48 89 03 33 c0 48 83 c4 20 5b c3 cc cc cc cc cc
0x00007fffe0d1c610:   33 d2 41 b8 00 80 00 00 48 ff 25 31 ea 01 00 cc
0x00007fffe0d1c620:   48 b8 25 03 00 00 00 90 90 90 48 c7 01 48 8d 05 


Stack slot to memory mapping:
stack at sp + 0 slots: 0x00000200b7f7f4f7 is at code_begin+1047 in an Interpreter codelet
method entry point (kind = native)  [0x00000200b7f7f0e0, 0x00000200b7f7fc40]  2912 bytes
stack at sp + 1 slots: 0x00000200d36a0245 is pointing into metadata
stack at sp + 2 slots: 0x0 is NULL
stack at sp + 3 slots: 0x00000200d412a000 is a thread
stack at sp + 4 slots: 0x0000000000000148 is an unknown value
stack at sp + 5 slots: 0x00000092c84ff460 is pointing into the stack for thread: 0x00000200d412a000
stack at sp + 6 slots: 0x00007fff9e5c9a9d jvm.dll
stack at sp + 7 slots: 0x00000092c84ff360 is pointing into the stack for thread: 0x00000200d412a000


---------------  P R O C E S S  ---------------

Threads class SMR info:
_java_thread_list=0x00000200dff40fb0, length=12, elements={
0x00000200afa81000, 0x00000200d326e000, 0x00000200d3271000, 0x00000200d3b17800,
0x00000200d3b18800, 0x00000200d3b19800, 0x00000200d3b1a800, 0x00000200d3b37800,
0x00000200d3c72000, 0x00000200d3c6f000, 0x00000200d40ee800, 0x00000200d412a000
}

Java Threads: ( => current thread )
  0x00000200afa81000 JavaThread "main" [_thread_blocked, id=16372, stack(0x00000092c7200000,0x00000092c7300000)]
  0x00000200d326e000 JavaThread "Reference Handler" daemon [_thread_blocked, id=16060, stack(0x00000092c7900000,0x00000092c7a00000)]
  0x00000200d3271000 JavaThread "Finalizer" daemon [_thread_blocked, id=9416, stack(0x00000092c7a00000,0x00000092c7b00000)]
  0x00000200d3b17800 JavaThread "Signal Dispatcher" daemon [_thread_blocked, id=12560, stack(0x00000092c7b00000,0x00000092c7c00000)]
  0x00000200d3b18800 JavaThread "Attach Listener" daemon [_thread_blocked, id=9968, stack(0x00000092c7c00000,0x00000092c7d00000)]
  0x00000200d3b19800 JavaThread "C2 CompilerThread0" daemon [_thread_blocked, id=9960, stack(0x00000092c7d00000,0x00000092c7e00000)]
  0x00000200d3b1a800 JavaThread "C1 CompilerThread0" daemon [_thread_blocked, id=3236, stack(0x00000092c7e00000,0x00000092c7f00000)]
  0x00000200d3b37800 JavaThread "Sweeper thread" daemon [_thread_blocked, id=3924, stack(0x00000092c7f00000,0x00000092c8000000)]
  0x00000200d3c72000 JavaThread "Service Thread" daemon [_thread_blocked, id=10404, stack(0x00000092c8000000,0x00000092c8100000)]
  0x00000200d3c6f000 JavaThread "Common-Cleaner" daemon [_thread_blocked, id=8508, stack(0x00000092c8200000,0x00000092c8300000)]
  0x00000200d40ee800 JavaThread "Java2D Disposer" daemon [_thread_blocked, id=9768, stack(0x00000092c8300000,0x00000092c8400000)]
=>0x00000200d412a000 JavaThread "Thread-0" [_thread_in_native, id=15348, stack(0x00000092c8400000,0x00000092c8500000)]

Other Threads:
  0x00000200d326c000 VMThread "VM Thread" [stack: 0x00000092c7800000,0x00000092c7900000] [id=15836]
  0x00000200d3c67800 WatcherThread [stack: 0x00000092c8100000,0x00000092c8200000] [id=11724]
  0x00000200afaeb800 GCTaskThread "GC Thread#0" [stack: 0x00000092c7300000,0x00000092c7400000] [id=15592]
  0x00000200e0375000 GCTaskThread "GC Thread#1" [stack: 0x00000092c8d00000,0x00000092c8e00000] [id=2700]
  0x00000200dffb9800 GCTaskThread "GC Thread#2" [stack: 0x00000092c8e00000,0x00000092c8f00000] [id=14028]
  0x00000200e0591000 GCTaskThread "GC Thread#3" [stack: 0x00000092c8f00000,0x00000092c9000000] [id=3888]
  0x00000200dff75000 GCTaskThread "GC Thread#4" [stack: 0x00000092c9000000,0x00000092c9100000] [id=5696]
  0x00000200dff75800 GCTaskThread "GC Thread#5" [stack: 0x00000092c9100000,0x00000092c9200000] [id=10476]
  0x00000200afb0d800 ConcurrentGCThread "G1 Main Marker" [stack: 0x00000092c7400000,0x00000092c7500000] [id=16064]
  0x00000200afb10000 ConcurrentGCThread "G1 Conc#0" [stack: 0x00000092c7500000,0x00000092c7600000] [id=5076]
  0x00000200d3165800 ConcurrentGCThread "G1 Refine#0" [stack: 0x00000092c7600000,0x00000092c7700000] [id=15624]
  0x00000200d3167800 ConcurrentGCThread "G1 Young RemSet Sampling" [stack: 0x00000092c7700000,0x00000092c7800000] [id=15412]

Threads with active compile tasks:

VM state:not at safepoint (normal execution)

VM Mutex/Monitor currently owned by a thread: None

Heap address: 0x0000000701000000, size: 4080 MB, Compressed Oops mode: Zero based, Oop shift amount: 3
Narrow klass base: 0x0000000800000000, Narrow klass shift: 3
Compressed class space size: 1073741824 Address: 0x0000000800b40000

Heap:
 garbage-first heap   total 262144K, used 3919K [0x0000000701000000, 0x0000000800000000)
  region size 1024K, 5 young (5120K), 3 survivors (3072K)
 Metaspace       used 6973K, capacity 8640K, committed 8832K, reserved 1056768K
  class space    used 441K, capacity 632K, committed 640K, reserved 1048576K
Heap Regions: E=young(eden), S=young(survivor), O=old, HS=humongous(starts), HC=humongous(continues), CS=collection set, F=free, A=archive, TAMS=top-at-mark-start (previous, next)
|   0|0x0000000701000000, 0x0000000701000000, 0x0000000701100000|  0%| F|  |TAMS 0x0000000701000000, 0x0000000701000000| Untracked 
|   1|0x0000000701100000, 0x0000000701100000, 0x0000000701200000|  0%| F|  |TAMS 0x0000000701100000, 0x0000000701100000| Untracked 
|   2|0x0000000701200000, 0x0000000701200000, 0x0000000701300000|  0%| F|  |TAMS 0x0000000701200000, 0x0000000701200000| Untracked 
|   3|0x0000000701300000, 0x0000000701300000, 0x0000000701400000|  0%| F|  |TAMS 0x0000000701300000, 0x0000000701300000| Untracked 
|   4|0x0000000701400000, 0x0000000701400000, 0x0000000701500000|  0%| F|  |TAMS 0x0000000701400000, 0x0000000701400000| Untracked 
|   5|0x0000000701500000, 0x0000000701500000, 0x0000000701600000|  0%| F|  |TAMS 0x0000000701500000, 0x0000000701500000| Untracked 
|   6|0x0000000701600000, 0x0000000701600000, 0x0000000701700000|  0%| F|  |TAMS 0x0000000701600000, 0x0000000701600000| Untracked 
|   7|0x0000000701700000, 0x0000000701700000, 0x0000000701800000|  0%| F|  |TAMS 0x0000000701700000, 0x0000000701700000| Untracked 
|   8|0x0000000701800000, 0x0000000701800000, 0x0000000701900000|  0%| F|  |TAMS 0x0000000701800000, 0x0000000701800000| Untracked 
|   9|0x0000000701900000, 0x0000000701900000, 0x0000000701a00000|  0%| F|  |TAMS 0x0000000701900000, 0x0000000701900000| Untracked 
|  10|0x0000000701a00000, 0x0000000701a00000, 0x0000000701b00000|  0%| F|  |TAMS 0x0000000701a00000, 0x0000000701a00000| Untracked 
|  11|0x0000000701b00000, 0x0000000701b00000, 0x0000000701c00000|  0%| F|  |TAMS 0x0000000701b00000, 0x0000000701b00000| Untracked 
|  12|0x0000000701c00000, 0x0000000701c00000, 0x0000000701d00000|  0%| F|  |TAMS 0x0000000701c00000, 0x0000000701c00000| Untracked 
|  13|0x0000000701d00000, 0x0000000701d00000, 0x0000000701e00000|  0%| F|  |TAMS 0x0000000701d00000, 0x0000000701d00000| Untracked 
|  14|0x0000000701e00000, 0x0000000701e00000, 0x0000000701f00000|  0%| F|  |TAMS 0x0000000701e00000, 0x0000000701e00000| Untracked 
|  15|0x0000000701f00000, 0x0000000701f00000, 0x0000000702000000|  0%| F|  |TAMS 0x0000000701f00000, 0x0000000701f00000| Untracked 
|  16|0x0000000702000000, 0x0000000702000000, 0x0000000702100000|  0%| F|  |TAMS 0x0000000702000000, 0x0000000702000000| Untracked 
|  17|0x0000000702100000, 0x0000000702100000, 0x0000000702200000|  0%| F|  |TAMS 0x0000000702100000, 0x0000000702100000| Untracked 
|  18|0x0000000702200000, 0x0000000702200000, 0x0000000702300000|  0%| F|  |TAMS 0x0000000702200000, 0x0000000702200000| Untracked 
|  19|0x0000000702300000, 0x0000000702300000, 0x0000000702400000|  0%| F|  |TAMS 0x0000000702300000, 0x0000000702300000| Untracked 
|  20|0x0000000702400000, 0x0000000702400000, 0x0000000702500000|  0%| F|  |TAMS 0x0000000702400000, 0x0000000702400000| Untracked 
|  21|0x0000000702500000, 0x0000000702500000, 0x0000000702600000|  0%| F|  |TAMS 0x0000000702500000, 0x0000000702500000| Untracked 
|  22|0x0000000702600000, 0x0000000702600000, 0x0000000702700000|  0%| F|  |TAMS 0x0000000702600000, 0x0000000702600000| Untracked 
|  23|0x0000000702700000, 0x0000000702700000, 0x0000000702800000|  0%| F|  |TAMS 0x0000000702700000, 0x0000000702700000| Untracked 
|  24|0x0000000702800000, 0x0000000702800000, 0x0000000702900000|  0%| F|  |TAMS 0x0000000702800000, 0x0000000702800000| Untracked 
|  25|0x0000000702900000, 0x0000000702900000, 0x0000000702a00000|  0%| F|  |TAMS 0x0000000702900000, 0x0000000702900000| Untracked 
|  26|0x0000000702a00000, 0x0000000702a00000, 0x0000000702b00000|  0%| F|  |TAMS 0x0000000702a00000, 0x0000000702a00000| Untracked 
|  27|0x0000000702b00000, 0x0000000702b00000, 0x0000000702c00000|  0%| F|  |TAMS 0x0000000702b00000, 0x0000000702b00000| Untracked 
|  28|0x0000000702c00000, 0x0000000702c00000, 0x0000000702d00000|  0%| F|  |TAMS 0x0000000702c00000, 0x0000000702c00000| Untracked 
|  29|0x0000000702d00000, 0x0000000702d00000, 0x0000000702e00000|  0%| F|  |TAMS 0x0000000702d00000, 0x0000000702d00000| Untracked 
|  30|0x0000000702e00000, 0x0000000702e00000, 0x0000000702f00000|  0%| F|  |TAMS 0x0000000702e00000, 0x0000000702e00000| Untracked 
|  31|0x0000000702f00000, 0x0000000702f00000, 0x0000000703000000|  0%| F|  |TAMS 0x0000000702f00000, 0x0000000702f00000| Untracked 
|  32|0x0000000703000000, 0x0000000703000000, 0x0000000703100000|  0%| F|  |TAMS 0x0000000703000000, 0x0000000703000000| Untracked 
|  33|0x0000000703100000, 0x0000000703100000, 0x0000000703200000|  0%| F|  |TAMS 0x0000000703100000, 0x0000000703100000| Untracked 
|  34|0x0000000703200000, 0x0000000703200000, 0x0000000703300000|  0%| F|  |TAMS 0x0000000703200000, 0x0000000703200000| Untracked 
|  35|0x0000000703300000, 0x0000000703300000, 0x0000000703400000|  0%| F|  |TAMS 0x0000000703300000, 0x0000000703300000| Untracked 
|  36|0x0000000703400000, 0x0000000703400000, 0x0000000703500000|  0%| F|  |TAMS 0x0000000703400000, 0x0000000703400000| Untracked 
|  37|0x0000000703500000, 0x0000000703500000, 0x0000000703600000|  0%| F|  |TAMS 0x0000000703500000, 0x0000000703500000| Untracked 
|  38|0x0000000703600000, 0x0000000703600000, 0x0000000703700000|  0%| F|  |TAMS 0x0000000703600000, 0x0000000703600000| Untracked 
|  39|0x0000000703700000, 0x0000000703700000, 0x0000000703800000|  0%| F|  |TAMS 0x0000000703700000, 0x0000000703700000| Untracked 
|  40|0x0000000703800000, 0x0000000703800000, 0x0000000703900000|  0%| F|  |TAMS 0x0000000703800000, 0x0000000703800000| Untracked 
|  41|0x0000000703900000, 0x0000000703900000, 0x0000000703a00000|  0%| F|  |TAMS 0x0000000703900000, 0x0000000703900000| Untracked 
|  42|0x0000000703a00000, 0x0000000703a00000, 0x0000000703b00000|  0%| F|  |TAMS 0x0000000703a00000, 0x0000000703a00000| Untracked 
|  43|0x0000000703b00000, 0x0000000703b00000, 0x0000000703c00000|  0%| F|  |TAMS 0x0000000703b00000, 0x0000000703b00000| Untracked 
|  44|0x0000000703c00000, 0x0000000703c00000, 0x0000000703d00000|  0%| F|  |TAMS 0x0000000703c00000, 0x0000000703c00000| Untracked 
|  45|0x0000000703d00000, 0x0000000703d00000, 0x0000000703e00000|  0%| F|  |TAMS 0x0000000703d00000, 0x0000000703d00000| Untracked 
|  46|0x0000000703e00000, 0x0000000703e00000, 0x0000000703f00000|  0%| F|  |TAMS 0x0000000703e00000, 0x0000000703e00000| Untracked 
|  47|0x0000000703f00000, 0x0000000703f00000, 0x0000000704000000|  0%| F|  |TAMS 0x0000000703f00000, 0x0000000703f00000| Untracked 
|  48|0x0000000704000000, 0x0000000704000000, 0x0000000704100000|  0%| F|  |TAMS 0x0000000704000000, 0x0000000704000000| Untracked 
|  49|0x0000000704100000, 0x0000000704100000, 0x0000000704200000|  0%| F|  |TAMS 0x0000000704100000, 0x0000000704100000| Untracked 
|  50|0x0000000704200000, 0x0000000704200000, 0x0000000704300000|  0%| F|  |TAMS 0x0000000704200000, 0x0000000704200000| Untracked 
|  51|0x0000000704300000, 0x0000000704300000, 0x0000000704400000|  0%| F|  |TAMS 0x0000000704300000, 0x0000000704300000| Untracked 
|  52|0x0000000704400000, 0x0000000704400000, 0x0000000704500000|  0%| F|  |TAMS 0x0000000704400000, 0x0000000704400000| Untracked 
|  53|0x0000000704500000, 0x0000000704500000, 0x0000000704600000|  0%| F|  |TAMS 0x0000000704500000, 0x0000000704500000| Untracked 
|  54|0x0000000704600000, 0x0000000704600000, 0x0000000704700000|  0%| F|  |TAMS 0x0000000704600000, 0x0000000704600000| Untracked 
|  55|0x0000000704700000, 0x0000000704700000, 0x0000000704800000|  0%| F|  |TAMS 0x0000000704700000, 0x0000000704700000| Untracked 
|  56|0x0000000704800000, 0x0000000704800000, 0x0000000704900000|  0%| F|  |TAMS 0x0000000704800000, 0x0000000704800000| Untracked 
|  57|0x0000000704900000, 0x0000000704900000, 0x0000000704a00000|  0%| F|  |TAMS 0x0000000704900000, 0x0000000704900000| Untracked 
|  58|0x0000000704a00000, 0x0000000704a00000, 0x0000000704b00000|  0%| F|  |TAMS 0x0000000704a00000, 0x0000000704a00000| Untracked 
|  59|0x0000000704b00000, 0x0000000704b00000, 0x0000000704c00000|  0%| F|  |TAMS 0x0000000704b00000, 0x0000000704b00000| Untracked 
|  60|0x0000000704c00000, 0x0000000704c00000, 0x0000000704d00000|  0%| F|  |TAMS 0x0000000704c00000, 0x0000000704c00000| Untracked 
|  61|0x0000000704d00000, 0x0000000704d00000, 0x0000000704e00000|  0%| F|  |TAMS 0x0000000704d00000, 0x0000000704d00000| Untracked 
|  62|0x0000000704e00000, 0x0000000704e00000, 0x0000000704f00000|  0%| F|  |TAMS 0x0000000704e00000, 0x0000000704e00000| Untracked 
|  63|0x0000000704f00000, 0x0000000704f00000, 0x0000000705000000|  0%| F|  |TAMS 0x0000000704f00000, 0x0000000704f00000| Untracked 
|  64|0x0000000705000000, 0x0000000705000000, 0x0000000705100000|  0%| F|  |TAMS 0x0000000705000000, 0x0000000705000000| Untracked 
|  65|0x0000000705100000, 0x0000000705100000, 0x0000000705200000|  0%| F|  |TAMS 0x0000000705100000, 0x0000000705100000| Untracked 
|  66|0x0000000705200000, 0x0000000705200000, 0x0000000705300000|  0%| F|  |TAMS 0x0000000705200000, 0x0000000705200000| Untracked 
|  67|0x0000000705300000, 0x0000000705300000, 0x0000000705400000|  0%| F|  |TAMS 0x0000000705300000, 0x0000000705300000| Untracked 
|  68|0x0000000705400000, 0x0000000705400000, 0x0000000705500000|  0%| F|  |TAMS 0x0000000705400000, 0x0000000705400000| Untracked 
|  69|0x0000000705500000, 0x0000000705500000, 0x0000000705600000|  0%| F|  |TAMS 0x0000000705500000, 0x0000000705500000| Untracked 
|  70|0x0000000705600000, 0x0000000705600000, 0x0000000705700000|  0%| F|  |TAMS 0x0000000705600000, 0x0000000705600000| Untracked 
|  71|0x0000000705700000, 0x0000000705700000, 0x0000000705800000|  0%| F|  |TAMS 0x0000000705700000, 0x0000000705700000| Untracked 
|  72|0x0000000705800000, 0x0000000705800000, 0x0000000705900000|  0%| F|  |TAMS 0x0000000705800000, 0x0000000705800000| Untracked 
|  73|0x0000000705900000, 0x0000000705900000, 0x0000000705a00000|  0%| F|  |TAMS 0x0000000705900000, 0x0000000705900000| Untracked 
|  74|0x0000000705a00000, 0x0000000705a00000, 0x0000000705b00000|  0%| F|  |TAMS 0x0000000705a00000, 0x0000000705a00000| Untracked 
|  75|0x0000000705b00000, 0x0000000705b00000, 0x0000000705c00000|  0%| F|  |TAMS 0x0000000705b00000, 0x0000000705b00000| Untracked 
|  76|0x0000000705c00000, 0x0000000705c00000, 0x0000000705d00000|  0%| F|  |TAMS 0x0000000705c00000, 0x0000000705c00000| Untracked 
|  77|0x0000000705d00000, 0x0000000705d00000, 0x0000000705e00000|  0%| F|  |TAMS 0x0000000705d00000, 0x0000000705d00000| Untracked 
|  78|0x0000000705e00000, 0x0000000705e00000, 0x0000000705f00000|  0%| F|  |TAMS 0x0000000705e00000, 0x0000000705e00000| Untracked 
|  79|0x0000000705f00000, 0x0000000705f00000, 0x0000000706000000|  0%| F|  |TAMS 0x0000000705f00000, 0x0000000705f00000| Untracked 
|  80|0x0000000706000000, 0x0000000706000000, 0x0000000706100000|  0%| F|  |TAMS 0x0000000706000000, 0x0000000706000000| Untracked 
|  81|0x0000000706100000, 0x0000000706100000, 0x0000000706200000|  0%| F|  |TAMS 0x0000000706100000, 0x0000000706100000| Untracked 
|  82|0x0000000706200000, 0x0000000706200000, 0x0000000706300000|  0%| F|  |TAMS 0x0000000706200000, 0x0000000706200000| Untracked 
|  83|0x0000000706300000, 0x0000000706300000, 0x0000000706400000|  0%| F|  |TAMS 0x0000000706300000, 0x0000000706300000| Untracked 
|  84|0x0000000706400000, 0x0000000706400000, 0x0000000706500000|  0%| F|  |TAMS 0x0000000706400000, 0x0000000706400000| Untracked 
|  85|0x0000000706500000, 0x0000000706500000, 0x0000000706600000|  0%| F|  |TAMS 0x0000000706500000, 0x0000000706500000| Untracked 
|  86|0x0000000706600000, 0x0000000706600000, 0x0000000706700000|  0%| F|  |TAMS 0x0000000706600000, 0x0000000706600000| Untracked 
|  87|0x0000000706700000, 0x0000000706700000, 0x0000000706800000|  0%| F|  |TAMS 0x0000000706700000, 0x0000000706700000| Untracked 
|  88|0x0000000706800000, 0x0000000706800000, 0x0000000706900000|  0%| F|  |TAMS 0x0000000706800000, 0x0000000706800000| Untracked 
|  89|0x0000000706900000, 0x0000000706900000, 0x0000000706a00000|  0%| F|  |TAMS 0x0000000706900000, 0x0000000706900000| Untracked 
|  90|0x0000000706a00000, 0x0000000706a00000, 0x0000000706b00000|  0%| F|  |TAMS 0x0000000706a00000, 0x0000000706a00000| Untracked 
|  91|0x0000000706b00000, 0x0000000706b00000, 0x0000000706c00000|  0%| F|  |TAMS 0x0000000706b00000, 0x0000000706b00000| Untracked 
|  92|0x0000000706c00000, 0x0000000706c00000, 0x0000000706d00000|  0%| F|  |TAMS 0x0000000706c00000, 0x0000000706c00000| Untracked 
|  93|0x0000000706d00000, 0x0000000706d00000, 0x0000000706e00000|  0%| F|  |TAMS 0x0000000706d00000, 0x0000000706d00000| Untracked 
|  94|0x0000000706e00000, 0x0000000706e00000, 0x0000000706f00000|  0%| F|  |TAMS 0x0000000706e00000, 0x0000000706e00000| Untracked 
|  95|0x0000000706f00000, 0x0000000706f00000, 0x0000000707000000|  0%| F|  |TAMS 0x0000000706f00000, 0x0000000706f00000| Untracked 
|  96|0x0000000707000000, 0x0000000707000000, 0x0000000707100000|  0%| F|  |TAMS 0x0000000707000000, 0x0000000707000000| Untracked 
|  97|0x0000000707100000, 0x0000000707100000, 0x0000000707200000|  0%| F|  |TAMS 0x0000000707100000, 0x0000000707100000| Untracked 
|  98|0x0000000707200000, 0x0000000707200000, 0x0000000707300000|  0%| F|  |TAMS 0x0000000707200000, 0x0000000707200000| Untracked 
|  99|0x0000000707300000, 0x0000000707300000, 0x0000000707400000|  0%| F|  |TAMS 0x0000000707300000, 0x0000000707300000| Untracked 
| 100|0x0000000707400000, 0x0000000707400000, 0x0000000707500000|  0%| F|  |TAMS 0x0000000707400000, 0x0000000707400000| Untracked 
| 101|0x0000000707500000, 0x0000000707500000, 0x0000000707600000|  0%| F|  |TAMS 0x0000000707500000, 0x0000000707500000| Untracked 
| 102|0x0000000707600000, 0x0000000707600000, 0x0000000707700000|  0%| F|  |TAMS 0x0000000707600000, 0x0000000707600000| Untracked 
| 103|0x0000000707700000, 0x0000000707700000, 0x0000000707800000|  0%| F|  |TAMS 0x0000000707700000, 0x0000000707700000| Untracked 
| 104|0x0000000707800000, 0x0000000707800000, 0x0000000707900000|  0%| F|  |TAMS 0x0000000707800000, 0x0000000707800000| Untracked 
| 105|0x0000000707900000, 0x0000000707900000, 0x0000000707a00000|  0%| F|  |TAMS 0x0000000707900000, 0x0000000707900000| Untracked 
| 106|0x0000000707a00000, 0x0000000707a00000, 0x0000000707b00000|  0%| F|  |TAMS 0x0000000707a00000, 0x0000000707a00000| Untracked 
| 107|0x0000000707b00000, 0x0000000707b00000, 0x0000000707c00000|  0%| F|  |TAMS 0x0000000707b00000, 0x0000000707b00000| Untracked 
| 108|0x0000000707c00000, 0x0000000707c00000, 0x0000000707d00000|  0%| F|  |TAMS 0x0000000707c00000, 0x0000000707c00000| Untracked 
| 109|0x0000000707d00000, 0x0000000707d00000, 0x0000000707e00000|  0%| F|  |TAMS 0x0000000707d00000, 0x0000000707d00000| Untracked 
| 110|0x0000000707e00000, 0x0000000707e00000, 0x0000000707f00000|  0%| F|  |TAMS 0x0000000707e00000, 0x0000000707e00000| Untracked 
| 111|0x0000000707f00000, 0x0000000707f00000, 0x0000000708000000|  0%| F|  |TAMS 0x0000000707f00000, 0x0000000707f00000| Untracked 
| 112|0x0000000708000000, 0x0000000708000000, 0x0000000708100000|  0%| F|  |TAMS 0x0000000708000000, 0x0000000708000000| Untracked 
| 113|0x0000000708100000, 0x0000000708100000, 0x0000000708200000|  0%| F|  |TAMS 0x0000000708100000, 0x0000000708100000| Untracked 
| 114|0x0000000708200000, 0x0000000708200000, 0x0000000708300000|  0%| F|  |TAMS 0x0000000708200000, 0x0000000708200000| Untracked 
| 115|0x0000000708300000, 0x0000000708300000, 0x0000000708400000|  0%| F|  |TAMS 0x0000000708300000, 0x0000000708300000| Untracked 
| 116|0x0000000708400000, 0x0000000708400000, 0x0000000708500000|  0%| F|  |TAMS 0x0000000708400000, 0x0000000708400000| Untracked 
| 117|0x0000000708500000, 0x0000000708500000, 0x0000000708600000|  0%| F|  |TAMS 0x0000000708500000, 0x0000000708500000| Untracked 
| 118|0x0000000708600000, 0x0000000708600000, 0x0000000708700000|  0%| F|  |TAMS 0x0000000708600000, 0x0000000708600000| Untracked 
| 119|0x0000000708700000, 0x0000000708700000, 0x0000000708800000|  0%| F|  |TAMS 0x0000000708700000, 0x0000000708700000| Untracked 
| 120|0x0000000708800000, 0x0000000708800000, 0x0000000708900000|  0%| F|  |TAMS 0x0000000708800000, 0x0000000708800000| Untracked 
| 121|0x0000000708900000, 0x0000000708900000, 0x0000000708a00000|  0%| F|  |TAMS 0x0000000708900000, 0x0000000708900000| Untracked 
| 122|0x0000000708a00000, 0x0000000708a00000, 0x0000000708b00000|  0%| F|  |TAMS 0x0000000708a00000, 0x0000000708a00000| Untracked 
| 123|0x0000000708b00000, 0x0000000708b00000, 0x0000000708c00000|  0%| F|  |TAMS 0x0000000708b00000, 0x0000000708b00000| Untracked 
| 124|0x0000000708c00000, 0x0000000708c00000, 0x0000000708d00000|  0%| F|  |TAMS 0x0000000708c00000, 0x0000000708c00000| Untracked 
| 125|0x0000000708d00000, 0x0000000708d00000, 0x0000000708e00000|  0%| F|  |TAMS 0x0000000708d00000, 0x0000000708d00000| Untracked 
| 126|0x0000000708e00000, 0x0000000708e00000, 0x0000000708f00000|  0%| F|  |TAMS 0x0000000708e00000, 0x0000000708e00000| Untracked 
| 127|0x0000000708f00000, 0x0000000708f00000, 0x0000000709000000|  0%| F|  |TAMS 0x0000000708f00000, 0x0000000708f00000| Untracked 
| 128|0x0000000709000000, 0x0000000709000000, 0x0000000709100000|  0%| F|  |TAMS 0x0000000709000000, 0x0000000709000000| Untracked 
| 129|0x0000000709100000, 0x0000000709100000, 0x0000000709200000|  0%| F|  |TAMS 0x0000000709100000, 0x0000000709100000| Untracked 
| 130|0x0000000709200000, 0x0000000709200000, 0x0000000709300000|  0%| F|  |TAMS 0x0000000709200000, 0x0000000709200000| Untracked 
| 131|0x0000000709300000, 0x0000000709300000, 0x0000000709400000|  0%| F|  |TAMS 0x0000000709300000, 0x0000000709300000| Untracked 
| 132|0x0000000709400000, 0x0000000709400000, 0x0000000709500000|  0%| F|  |TAMS 0x0000000709400000, 0x0000000709400000| Untracked 
| 133|0x0000000709500000, 0x0000000709500000, 0x0000000709600000|  0%| F|  |TAMS 0x0000000709500000, 0x0000000709500000| Untracked 
| 134|0x0000000709600000, 0x0000000709600000, 0x0000000709700000|  0%| F|  |TAMS 0x0000000709600000, 0x0000000709600000| Untracked 
| 135|0x0000000709700000, 0x0000000709700000, 0x0000000709800000|  0%| F|  |TAMS 0x0000000709700000, 0x0000000709700000| Untracked 
| 136|0x0000000709800000, 0x0000000709800000, 0x0000000709900000|  0%| F|  |TAMS 0x0000000709800000, 0x0000000709800000| Untracked 
| 137|0x0000000709900000, 0x0000000709900000, 0x0000000709a00000|  0%| F|  |TAMS 0x0000000709900000, 0x0000000709900000| Untracked 
| 138|0x0000000709a00000, 0x0000000709a00000, 0x0000000709b00000|  0%| F|  |TAMS 0x0000000709a00000, 0x0000000709a00000| Untracked 
| 139|0x0000000709b00000, 0x0000000709b00000, 0x0000000709c00000|  0%| F|  |TAMS 0x0000000709b00000, 0x0000000709b00000| Untracked 
| 140|0x0000000709c00000, 0x0000000709c00000, 0x0000000709d00000|  0%| F|  |TAMS 0x0000000709c00000, 0x0000000709c00000| Untracked 
| 141|0x0000000709d00000, 0x0000000709d00000, 0x0000000709e00000|  0%| F|  |TAMS 0x0000000709d00000, 0x0000000709d00000| Untracked 
| 142|0x0000000709e00000, 0x0000000709e00000, 0x0000000709f00000|  0%| F|  |TAMS 0x0000000709e00000, 0x0000000709e00000| Untracked 
| 143|0x0000000709f00000, 0x0000000709f00000, 0x000000070a000000|  0%| F|  |TAMS 0x0000000709f00000, 0x0000000709f00000| Untracked 
| 144|0x000000070a000000, 0x000000070a000000, 0x000000070a100000|  0%| F|  |TAMS 0x000000070a000000, 0x000000070a000000| Untracked 
| 145|0x000000070a100000, 0x000000070a100000, 0x000000070a200000|  0%| F|  |TAMS 0x000000070a100000, 0x000000070a100000| Untracked 
| 146|0x000000070a200000, 0x000000070a200000, 0x000000070a300000|  0%| F|  |TAMS 0x000000070a200000, 0x000000070a200000| Untracked 
| 147|0x000000070a300000, 0x000000070a300000, 0x000000070a400000|  0%| F|  |TAMS 0x000000070a300000, 0x000000070a300000| Untracked 
| 148|0x000000070a400000, 0x000000070a400000, 0x000000070a500000|  0%| F|  |TAMS 0x000000070a400000, 0x000000070a400000| Untracked 
| 149|0x000000070a500000, 0x000000070a500000, 0x000000070a600000|  0%| F|  |TAMS 0x000000070a500000, 0x000000070a500000| Untracked 
| 150|0x000000070a600000, 0x000000070a600000, 0x000000070a700000|  0%| F|  |TAMS 0x000000070a600000, 0x000000070a600000| Untracked 
| 151|0x000000070a700000, 0x000000070a700000, 0x000000070a800000|  0%| F|  |TAMS 0x000000070a700000, 0x000000070a700000| Untracked 
| 152|0x000000070a800000, 0x000000070a800000, 0x000000070a900000|  0%| F|  |TAMS 0x000000070a800000, 0x000000070a800000| Untracked 
| 153|0x000000070a900000, 0x000000070a900000, 0x000000070aa00000|  0%| F|  |TAMS 0x000000070a900000, 0x000000070a900000| Untracked 
| 154|0x000000070aa00000, 0x000000070aa00000, 0x000000070ab00000|  0%| F|  |TAMS 0x000000070aa00000, 0x000000070aa00000| Untracked 
| 155|0x000000070ab00000, 0x000000070ab00000, 0x000000070ac00000|  0%| F|  |TAMS 0x000000070ab00000, 0x000000070ab00000| Untracked 
| 156|0x000000070ac00000, 0x000000070ac00000, 0x000000070ad00000|  0%| F|  |TAMS 0x000000070ac00000, 0x000000070ac00000| Untracked 
| 157|0x000000070ad00000, 0x000000070ad00000, 0x000000070ae00000|  0%| F|  |TAMS 0x000000070ad00000, 0x000000070ad00000| Untracked 
| 158|0x000000070ae00000, 0x000000070ae00000, 0x000000070af00000|  0%| F|  |TAMS 0x000000070ae00000, 0x000000070ae00000| Untracked 
| 159|0x000000070af00000, 0x000000070af00000, 0x000000070b000000|  0%| F|  |TAMS 0x000000070af00000, 0x000000070af00000| Untracked 
| 160|0x000000070b000000, 0x000000070b000000, 0x000000070b100000|  0%| F|  |TAMS 0x000000070b000000, 0x000000070b000000| Untracked 
| 161|0x000000070b100000, 0x000000070b100000, 0x000000070b200000|  0%| F|  |TAMS 0x000000070b100000, 0x000000070b100000| Untracked 
| 162|0x000000070b200000, 0x000000070b200000, 0x000000070b300000|  0%| F|  |TAMS 0x000000070b200000, 0x000000070b200000| Untracked 
| 163|0x000000070b300000, 0x000000070b300000, 0x000000070b400000|  0%| F|  |TAMS 0x000000070b300000, 0x000000070b300000| Untracked 
| 164|0x000000070b400000, 0x000000070b400000, 0x000000070b500000|  0%| F|  |TAMS 0x000000070b400000, 0x000000070b400000| Untracked 
| 165|0x000000070b500000, 0x000000070b500000, 0x000000070b600000|  0%| F|  |TAMS 0x000000070b500000, 0x000000070b500000| Untracked 
| 166|0x000000070b600000, 0x000000070b600000, 0x000000070b700000|  0%| F|  |TAMS 0x000000070b600000, 0x000000070b600000| Untracked 
| 167|0x000000070b700000, 0x000000070b700000, 0x000000070b800000|  0%| F|  |TAMS 0x000000070b700000, 0x000000070b700000| Untracked 
| 168|0x000000070b800000, 0x000000070b800000, 0x000000070b900000|  0%| F|  |TAMS 0x000000070b800000, 0x000000070b800000| Untracked 
| 169|0x000000070b900000, 0x000000070b900000, 0x000000070ba00000|  0%| F|  |TAMS 0x000000070b900000, 0x000000070b900000| Untracked 
| 170|0x000000070ba00000, 0x000000070ba00000, 0x000000070bb00000|  0%| F|  |TAMS 0x000000070ba00000, 0x000000070ba00000| Untracked 
| 171|0x000000070bb00000, 0x000000070bb00000, 0x000000070bc00000|  0%| F|  |TAMS 0x000000070bb00000, 0x000000070bb00000| Untracked 
| 172|0x000000070bc00000, 0x000000070bc00000, 0x000000070bd00000|  0%| F|  |TAMS 0x000000070bc00000, 0x000000070bc00000| Untracked 
| 173|0x000000070bd00000, 0x000000070bd00000, 0x000000070be00000|  0%| F|  |TAMS 0x000000070bd00000, 0x000000070bd00000| Untracked 
| 174|0x000000070be00000, 0x000000070be00000, 0x000000070bf00000|  0%| F|  |TAMS 0x000000070be00000, 0x000000070be00000| Untracked 
| 175|0x000000070bf00000, 0x000000070bf00000, 0x000000070c000000|  0%| F|  |TAMS 0x000000070bf00000, 0x000000070bf00000| Untracked 
| 176|0x000000070c000000, 0x000000070c000000, 0x000000070c100000|  0%| F|  |TAMS 0x000000070c000000, 0x000000070c000000| Untracked 
| 177|0x000000070c100000, 0x000000070c100000, 0x000000070c200000|  0%| F|  |TAMS 0x000000070c100000, 0x000000070c100000| Untracked 
| 178|0x000000070c200000, 0x000000070c200000, 0x000000070c300000|  0%| F|  |TAMS 0x000000070c200000, 0x000000070c200000| Untracked 
| 179|0x000000070c300000, 0x000000070c300000, 0x000000070c400000|  0%| F|  |TAMS 0x000000070c300000, 0x000000070c300000| Untracked 
| 180|0x000000070c400000, 0x000000070c400000, 0x000000070c500000|  0%| F|  |TAMS 0x000000070c400000, 0x000000070c400000| Untracked 
| 181|0x000000070c500000, 0x000000070c500000, 0x000000070c600000|  0%| F|  |TAMS 0x000000070c500000, 0x000000070c500000| Untracked 
| 182|0x000000070c600000, 0x000000070c600000, 0x000000070c700000|  0%| F|  |TAMS 0x000000070c600000, 0x000000070c600000| Untracked 
| 183|0x000000070c700000, 0x000000070c700000, 0x000000070c800000|  0%| F|  |TAMS 0x000000070c700000, 0x000000070c700000| Untracked 
| 184|0x000000070c800000, 0x000000070c800000, 0x000000070c900000|  0%| F|  |TAMS 0x000000070c800000, 0x000000070c800000| Untracked 
| 185|0x000000070c900000, 0x000000070c900000, 0x000000070ca00000|  0%| F|  |TAMS 0x000000070c900000, 0x000000070c900000| Untracked 
| 186|0x000000070ca00000, 0x000000070ca00000, 0x000000070cb00000|  0%| F|  |TAMS 0x000000070ca00000, 0x000000070ca00000| Untracked 
| 187|0x000000070cb00000, 0x000000070cb00000, 0x000000070cc00000|  0%| F|  |TAMS 0x000000070cb00000, 0x000000070cb00000| Untracked 
| 188|0x000000070cc00000, 0x000000070cc00000, 0x000000070cd00000|  0%| F|  |TAMS 0x000000070cc00000, 0x000000070cc00000| Untracked 
| 189|0x000000070cd00000, 0x000000070cd00000, 0x000000070ce00000|  0%| F|  |TAMS 0x000000070cd00000, 0x000000070cd00000| Untracked 
| 190|0x000000070ce00000, 0x000000070ce00000, 0x000000070cf00000|  0%| F|  |TAMS 0x000000070ce00000, 0x000000070ce00000| Untracked 
| 191|0x000000070cf00000, 0x000000070cf00000, 0x000000070d000000|  0%| F|  |TAMS 0x000000070cf00000, 0x000000070cf00000| Untracked 
| 192|0x000000070d000000, 0x000000070d000000, 0x000000070d100000|  0%| F|  |TAMS 0x000000070d000000, 0x000000070d000000| Untracked 
| 193|0x000000070d100000, 0x000000070d100000, 0x000000070d200000|  0%| F|  |TAMS 0x000000070d100000, 0x000000070d100000| Untracked 
| 194|0x000000070d200000, 0x000000070d200000, 0x000000070d300000|  0%| F|  |TAMS 0x000000070d200000, 0x000000070d200000| Untracked 
| 195|0x000000070d300000, 0x000000070d300000, 0x000000070d400000|  0%| F|  |TAMS 0x000000070d300000, 0x000000070d300000| Untracked 
| 196|0x000000070d400000, 0x000000070d400000, 0x000000070d500000|  0%| F|  |TAMS 0x000000070d400000, 0x000000070d400000| Untracked 
| 197|0x000000070d500000, 0x000000070d500000, 0x000000070d600000|  0%| F|  |TAMS 0x000000070d500000, 0x000000070d500000| Untracked 
| 198|0x000000070d600000, 0x000000070d600000, 0x000000070d700000|  0%| F|  |TAMS 0x000000070d600000, 0x000000070d600000| Untracked 
| 199|0x000000070d700000, 0x000000070d700000, 0x000000070d800000|  0%| F|  |TAMS 0x000000070d700000, 0x000000070d700000| Untracked 
| 200|0x000000070d800000, 0x000000070d800000, 0x000000070d900000|  0%| F|  |TAMS 0x000000070d800000, 0x000000070d800000| Untracked 
| 201|0x000000070d900000, 0x000000070d900000, 0x000000070da00000|  0%| F|  |TAMS 0x000000070d900000, 0x000000070d900000| Untracked 
| 202|0x000000070da00000, 0x000000070da00000, 0x000000070db00000|  0%| F|  |TAMS 0x000000070da00000, 0x000000070da00000| Untracked 
| 203|0x000000070db00000, 0x000000070db00000, 0x000000070dc00000|  0%| F|  |TAMS 0x000000070db00000, 0x000000070db00000| Untracked 
| 204|0x000000070dc00000, 0x000000070dc00000, 0x000000070dd00000|  0%| F|  |TAMS 0x000000070dc00000, 0x000000070dc00000| Untracked 
| 205|0x000000070dd00000, 0x000000070dd00000, 0x000000070de00000|  0%| F|  |TAMS 0x000000070dd00000, 0x000000070dd00000| Untracked 
| 206|0x000000070de00000, 0x000000070de00000, 0x000000070df00000|  0%| F|  |TAMS 0x000000070de00000, 0x000000070de00000| Untracked 
| 207|0x000000070df00000, 0x000000070df00000, 0x000000070e000000|  0%| F|  |TAMS 0x000000070df00000, 0x000000070df00000| Untracked 
| 208|0x000000070e000000, 0x000000070e000000, 0x000000070e100000|  0%| F|  |TAMS 0x000000070e000000, 0x000000070e000000| Untracked 
| 209|0x000000070e100000, 0x000000070e100000, 0x000000070e200000|  0%| F|  |TAMS 0x000000070e100000, 0x000000070e100000| Untracked 
| 210|0x000000070e200000, 0x000000070e200000, 0x000000070e300000|  0%| F|  |TAMS 0x000000070e200000, 0x000000070e200000| Untracked 
| 211|0x000000070e300000, 0x000000070e300000, 0x000000070e400000|  0%| F|  |TAMS 0x000000070e300000, 0x000000070e300000| Untracked 
| 212|0x000000070e400000, 0x000000070e400000, 0x000000070e500000|  0%| F|  |TAMS 0x000000070e400000, 0x000000070e400000| Untracked 
| 213|0x000000070e500000, 0x000000070e500000, 0x000000070e600000|  0%| F|  |TAMS 0x000000070e500000, 0x000000070e500000| Untracked 
| 214|0x000000070e600000, 0x000000070e600000, 0x000000070e700000|  0%| F|  |TAMS 0x000000070e600000, 0x000000070e600000| Untracked 
| 215|0x000000070e700000, 0x000000070e700000, 0x000000070e800000|  0%| F|  |TAMS 0x000000070e700000, 0x000000070e700000| Untracked 
| 216|0x000000070e800000, 0x000000070e800000, 0x000000070e900000|  0%| F|  |TAMS 0x000000070e800000, 0x000000070e800000| Untracked 
| 217|0x000000070e900000, 0x000000070e900000, 0x000000070ea00000|  0%| F|  |TAMS 0x000000070e900000, 0x000000070e900000| Untracked 
| 218|0x000000070ea00000, 0x000000070ea00000, 0x000000070eb00000|  0%| F|  |TAMS 0x000000070ea00000, 0x000000070ea00000| Untracked 
| 219|0x000000070eb00000, 0x000000070eb00000, 0x000000070ec00000|  0%| F|  |TAMS 0x000000070eb00000, 0x000000070eb00000| Untracked 
| 220|0x000000070ec00000, 0x000000070ec00000, 0x000000070ed00000|  0%| F|  |TAMS 0x000000070ec00000, 0x000000070ec00000| Untracked 
| 221|0x000000070ed00000, 0x000000070ed00000, 0x000000070ee00000|  0%| F|  |TAMS 0x000000070ed00000, 0x000000070ed00000| Untracked 
| 222|0x000000070ee00000, 0x000000070ee00000, 0x000000070ef00000|  0%| F|  |TAMS 0x000000070ee00000, 0x000000070ee00000| Untracked 
| 223|0x000000070ef00000, 0x000000070ef00000, 0x000000070f000000|  0%| F|  |TAMS 0x000000070ef00000, 0x000000070ef00000| Untracked 
| 224|0x000000070f000000, 0x000000070f000000, 0x000000070f100000|  0%| F|  |TAMS 0x000000070f000000, 0x000000070f000000| Untracked 
| 225|0x000000070f100000, 0x000000070f100000, 0x000000070f200000|  0%| F|  |TAMS 0x000000070f100000, 0x000000070f100000| Untracked 
| 226|0x000000070f200000, 0x000000070f200000, 0x000000070f300000|  0%| F|  |TAMS 0x000000070f200000, 0x000000070f200000| Untracked 
| 227|0x000000070f300000, 0x000000070f300000, 0x000000070f400000|  0%| F|  |TAMS 0x000000070f300000, 0x000000070f300000| Untracked 
| 228|0x000000070f400000, 0x000000070f400000, 0x000000070f500000|  0%| F|  |TAMS 0x000000070f400000, 0x000000070f400000| Untracked 
| 229|0x000000070f500000, 0x000000070f500000, 0x000000070f600000|  0%| F|  |TAMS 0x000000070f500000, 0x000000070f500000| Untracked 
| 230|0x000000070f600000, 0x000000070f600000, 0x000000070f700000|  0%| F|  |TAMS 0x000000070f600000, 0x000000070f600000| Untracked 
| 231|0x000000070f700000, 0x000000070f7d3fd8, 0x000000070f800000| 82%| S|CS|TAMS 0x000000070f700000, 0x000000070f700000| Complete 
| 232|0x000000070f800000, 0x000000070f900000, 0x000000070f900000|100%| S|CS|TAMS 0x000000070f800000, 0x000000070f800000| Complete 
| 233|0x000000070f900000, 0x000000070fa00000, 0x000000070fa00000|100%| S|CS|TAMS 0x000000070f900000, 0x000000070f900000| Complete 
| 234|0x000000070fa00000, 0x000000070fa00000, 0x000000070fb00000|  0%| F|  |TAMS 0x000000070fa00000, 0x000000070fa00000| Untracked 
| 235|0x000000070fb00000, 0x000000070fb00000, 0x000000070fc00000|  0%| F|  |TAMS 0x000000070fb00000, 0x000000070fb00000| Untracked 
| 236|0x000000070fc00000, 0x000000070fc00000, 0x000000070fd00000|  0%| F|  |TAMS 0x000000070fc00000, 0x000000070fc00000| Untracked 
| 237|0x000000070fd00000, 0x000000070fd00000, 0x000000070fe00000|  0%| F|  |TAMS 0x000000070fd00000, 0x000000070fd00000| Untracked 
| 238|0x000000070fe00000, 0x000000070fe00000, 0x000000070ff00000|  0%| F|  |TAMS 0x000000070fe00000, 0x000000070fe00000| Untracked 
| 239|0x000000070ff00000, 0x000000070ff00000, 0x0000000710000000|  0%| F|  |TAMS 0x000000070ff00000, 0x000000070ff00000| Untracked 
| 240|0x0000000710000000, 0x0000000710000000, 0x0000000710100000|  0%| F|  |TAMS 0x0000000710000000, 0x0000000710000000| Untracked 
| 241|0x0000000710100000, 0x0000000710100000, 0x0000000710200000|  0%| F|  |TAMS 0x0000000710100000, 0x0000000710100000| Untracked 
| 242|0x0000000710200000, 0x0000000710200000, 0x0000000710300000|  0%| F|  |TAMS 0x0000000710200000, 0x0000000710200000| Untracked 
| 243|0x0000000710300000, 0x0000000710300000, 0x0000000710400000|  0%| F|  |TAMS 0x0000000710300000, 0x0000000710300000| Untracked 
| 244|0x0000000710400000, 0x0000000710400000, 0x0000000710500000|  0%| F|  |TAMS 0x0000000710400000, 0x0000000710400000| Untracked 
| 245|0x0000000710500000, 0x0000000710500000, 0x0000000710600000|  0%| F|  |TAMS 0x0000000710500000, 0x0000000710500000| Untracked 
| 246|0x0000000710600000, 0x0000000710600000, 0x0000000710700000|  0%| F|  |TAMS 0x0000000710600000, 0x0000000710600000| Untracked 
| 247|0x0000000710700000, 0x0000000710700000, 0x0000000710800000|  0%| F|  |TAMS 0x0000000710700000, 0x0000000710700000| Untracked 
| 248|0x0000000710800000, 0x0000000710800000, 0x0000000710900000|  0%| F|  |TAMS 0x0000000710800000, 0x0000000710800000| Untracked 
| 249|0x0000000710900000, 0x0000000710900000, 0x0000000710a00000|  0%| F|  |TAMS 0x0000000710900000, 0x0000000710900000| Untracked 
| 250|0x0000000710a00000, 0x0000000710a00000, 0x0000000710b00000|  0%| F|  |TAMS 0x0000000710a00000, 0x0000000710a00000| Untracked 
| 251|0x0000000710b00000, 0x0000000710b00000, 0x0000000710c00000|  0%| F|  |TAMS 0x0000000710b00000, 0x0000000710b00000| Untracked 
| 252|0x0000000710c00000, 0x0000000710c00000, 0x0000000710d00000|  0%| F|  |TAMS 0x0000000710c00000, 0x0000000710c00000| Untracked 
| 253|0x0000000710d00000, 0x0000000710d00000, 0x0000000710e00000|  0%| F|  |TAMS 0x0000000710d00000, 0x0000000710d00000| Untracked 
| 254|0x0000000710e00000, 0x0000000710e00800, 0x0000000710f00000|  0%| E|  |TAMS 0x0000000710e00000, 0x0000000710e00000| Complete 
| 255|0x0000000710f00000, 0x0000000711000000, 0x0000000711000000|100%| E|CS|TAMS 0x0000000710f00000, 0x0000000710f00000| Complete 

Card table byte_map: [0x00000200c7990000,0x00000200c8190000] _byte_map_base: 0x00000200c4188000

Marking Bits (Prev, Next): (CMBitMap*) 0x00000200afaec7b8, (CMBitMap*) 0x00000200afaec7f8
 Prev Bits: [0x00000200c8990000, 0x00000200cc950000)
 Next Bits: [0x00000200cc950000, 0x00000200d0910000)

Polling page: 0x00000200ada20000

Metaspace:

Usage:
  Non-class:      7.82 MB capacity,     6.38 MB ( 82%) used,     1.43 MB ( 18%) free+waste,    11.69 KB ( <1%) overhead. 
      Class:    632.00 KB capacity,   441.38 KB ( 70%) used,   185.12 KB ( 29%) free+waste,     5.50 KB ( <1%) overhead. 
       Both:      8.44 MB capacity,     6.81 MB ( 81%) used,     1.61 MB ( 19%) free+waste,    17.19 KB ( <1%) overhead. 

Virtual space:
  Non-class space:        8.00 MB reserved,       8.00 MB (100%) committed 
      Class space:        1.00 GB reserved,     640.00 KB ( <1%) committed 
             Both:        1.01 GB reserved,       8.63 MB ( <1%) committed 

Chunk freelists:
   Non-Class:  120.00 KB
       Class:  8.00 KB
        Both:  128.00 KB

MaxMetaspaceSize: 17179869184.00 GB
CompressedClassSpaceSize: 1.00 GB

CodeHeap 'non-profiled nmethods': size=120000Kb used=342Kb max_used=342Kb free=119657Kb
 bounds [0x00000200bfa40000, 0x00000200bfcb0000, 0x00000200c6f70000]
CodeHeap 'profiled nmethods': size=120000Kb used=1456Kb max_used=1526Kb free=118543Kb
 bounds [0x00000200b8510000, 0x00000200b8780000, 0x00000200bfa40000]
CodeHeap 'non-nmethods': size=5760Kb used=1623Kb max_used=1640Kb free=4136Kb
 bounds [0x00000200b7f70000, 0x00000200b81e0000, 0x00000200b8510000]
 total_blobs=2391 nmethods=866 adapters=920
 compilation: enabled
              stopped_count=0, restarted_count=0
 full_count=0

Compilation events (20 events):
Event: 0.610 Thread 0x00000200d3b1a800  902       3       jdk.internal.reflect.UnsafeFieldAccessorImpl::ensureObj (23 bytes)
Event: 0.610 Thread 0x00000200d3b1a800 nmethod 902 0x00000200b868b090 code [0x00000200b868b2a0, 0x00000200b868ba00]
Event: 0.610 Thread 0x00000200d3b1a800  903       3       org.lwjgl.PointerBuffer::put (24 bytes)
Event: 0.611 Thread 0x00000200d3b1a800 nmethod 903 0x00000200b868bc10 code [0x00000200b868be00, 0x00000200b868c370]
Event: 0.611 Thread 0x00000200d3b1a800  904       3       org.lwjgl.system.Checks::check (17 bytes)
Event: 0.611 Thread 0x00000200d3b1a800 nmethod 904 0x00000200b868c610 code [0x00000200b868c7e0, 0x00000200b868cb90]
Event: 0.611 Thread 0x00000200d3b1a800  905       3       org.lwjgl.system.CheckIntrinsics::checkIndex (6 bytes)
Event: 0.611 Thread 0x00000200d3b1a800 nmethod 905 0x00000200b868cd10 code [0x00000200b868cf20, 0x00000200b868d6b0]
Event: 0.620 Thread 0x00000200d3b19800 nmethod 858 0x00000200bfa86f90 code [0x00000200bfa87200, 0x00000200bfa89080]
Event: 0.620 Thread 0x00000200d3b19800  881       4       java.util.Objects::checkIndex (7 bytes)
Event: 0.621 Thread 0x00000200d3b19800 nmethod 881 0x00000200bfa40b90 code [0x00000200bfa40d20, 0x00000200bfa40d98]
Event: 0.621 Thread 0x00000200d3b19800  906       4       jdk.internal.reflect.ReflectionFactory::langReflectAccess (15 bytes)
Event: 0.621 Thread 0x00000200d3b19800 nmethod 906 0x00000200bfa60390 code [0x00000200bfa60520, 0x00000200bfa60598]
Event: 0.621 Thread 0x00000200d3b19800  848   !   4       jdk.internal.loader.URLClassPath$JarLoader::getResource (65 bytes)
Event: 0.658 Thread 0x00000200dff7a800 nmethod 844 0x00000200bfa8a290 code [0x00000200bfa8a680, 0x00000200bfa8e580]
Event: 0.670 Thread 0x00000200d3b19800 nmethod 848 0x00000200bfa90690 code [0x00000200bfa90ae0, 0x00000200bfa94080]
Event: 1.129 Thread 0x00000200d3b1a800  907       3       jdk.internal.math.FDBigInteger::mult (64 bytes)
Event: 1.129 Thread 0x00000200d3b1a800 nmethod 907 0x00000200b8523790 code [0x00000200b8523940, 0x00000200b8523c18]
Event: 1.129 Thread 0x00000200d3b1a800  908       3       jdk.internal.math.FDBigInteger::<init> (30 bytes)
Event: 1.129 Thread 0x00000200d3b1a800 nmethod 908 0x00000200b8527c90 code [0x00000200b8527e40, 0x00000200b85280d0]

GC Heap History (2 events):
Event: 0.598 GC heap before
{Heap before GC invocations=0 (full 0):
 garbage-first heap   total 262144K, used 21504K [0x0000000701000000, 0x0000000800000000)
  region size 1024K, 22 young (22528K), 0 survivors (0K)
 Metaspace       used 6842K, capacity 8640K, committed 8832K, reserved 1056768K
  class space    used 431K, capacity 632K, committed 640K, reserved 1048576K
}
Event: 0.601 GC heap after
{Heap after GC invocations=1 (full 0):
 garbage-first heap   total 262144K, used 2895K [0x0000000701000000, 0x0000000800000000)
  region size 1024K, 3 young (3072K), 3 survivors (3072K)
 Metaspace       used 6842K, capacity 8640K, committed 8832K, reserved 1056768K
  class space    used 431K, capacity 632K, committed 640K, reserved 1048576K
}

Deoptimization events (18 events):
Event: 0.081 Thread 0x00000200afa81000 Uncommon trap: trap_request=0xffffff45 fr.pc=0x00000200bfa44f28 relative=0x0000000000000208
Event: 0.081 Thread 0x00000200afa81000 Uncommon trap: reason=unstable_if action=reinterpret pc=0x00000200bfa44f28 method=java.lang.String.hashCode()I @ 13 c2
Event: 0.081 Thread 0x00000200afa81000 DEOPT PACKING pc=0x00000200bfa44f28 sp=0x00000092c72fc810
Event: 0.081 Thread 0x00000200afa81000 DEOPT UNPACKING pc=0x00000200b7fb912f sp=0x00000092c72fc7a8 mode 2
Event: 0.108 Thread 0x00000200afa81000 DEOPT PACKING pc=0x00000200b854e2f4 sp=0x00000092c72fdb90
Event: 0.108 Thread 0x00000200afa81000 DEOPT UNPACKING pc=0x00000200b7fb964e sp=0x00000092c72fcfe8 mode 0
Event: 0.118 Thread 0x00000200afa81000 Uncommon trap: trap_request=0xffffff45 fr.pc=0x00000200bfa60590 relative=0x0000000000000070
Event: 0.118 Thread 0x00000200afa81000 Uncommon trap: reason=unstable_if action=reinterpret pc=0x00000200bfa60590 method=java.nio.Buffer.hasRemaining()Z @ 8 c2
Event: 0.118 Thread 0x00000200afa81000 DEOPT PACKING pc=0x00000200bfa60590 sp=0x00000092c72fe9b0
Event: 0.118 Thread 0x00000200afa81000 DEOPT UNPACKING pc=0x00000200b7fb912f sp=0x00000092c72fe948 mode 2
Event: 0.120 Thread 0x00000200afa81000 DEOPT PACKING pc=0x00000200b8557332 sp=0x00000092c72f9f50
Event: 0.120 Thread 0x00000200afa81000 DEOPT UNPACKING pc=0x00000200b7fb964e sp=0x00000092c72f93b8 mode 0
Event: 0.122 Thread 0x00000200d412a000 DEOPT PACKING pc=0x00000200b8539f50 sp=0x00000092c84fdf40
Event: 0.122 Thread 0x00000200d412a000 DEOPT UNPACKING pc=0x00000200b7fb964e sp=0x00000092c84fd3c8 mode 0
Event: 0.162 Thread 0x00000200d412a000 Uncommon trap: trap_request=0xffffff45 fr.pc=0x00000200bfa48164 relative=0x0000000000000044
Event: 0.162 Thread 0x00000200d412a000 Uncommon trap: reason=unstable_if action=reinterpret pc=0x00000200bfa48164 method=java.lang.CharacterData.of(I)Ljava/lang/CharacterData; @ 4 c2
Event: 0.162 Thread 0x00000200d412a000 DEOPT PACKING pc=0x00000200bfa48164 sp=0x00000092c84fb300
Event: 0.162 Thread 0x00000200d412a000 DEOPT UNPACKING pc=0x00000200b7fb912f sp=0x00000092c84fb2a0 mode 2

Classes unloaded (0 events):
No events

Classes redefined (0 events):
No events

Internal exceptions (13 events):
Event: 0.081 Thread 0x00000200afa81000 Exception <a 'java/lang/ClassNotFoundException'{0x0000000710c037d0}: sun/awt/resources/spi/awtProvider> (0x0000000710c037d0) 
thrown [t:/workspace/open/src/hotspot/share/classfile/systemDictionary.cpp, line 232]
Event: 0.095 Thread 0x00000200afa81000 Exception <a 'java/io/FileNotFoundException'{0x0000000710c58898}> (0x0000000710c58898) 
thrown [t:/workspace/open/src/hotspot/share/prims/jni.cpp, line 598]
Event: 0.100 Thread 0x00000200afa81000 Exception <a 'java/io/FileNotFoundException'{0x0000000710c7f430}> (0x0000000710c7f430) 
thrown [t:/workspace/open/src/hotspot/share/prims/jni.cpp, line 598]
Event: 0.137 Thread 0x00000200d412a000 Exception <a 'java/lang/NoSuchMethodError'{0x0000000710a5bbe8}: 'void java.lang.invoke.DelegatingMethodHandle$Holder.delegate(java.lang.Object, java.lang.Object, int, java.lang.Object)'> (0x0000000710a5bbe8) 
thrown [t:/workspace/open/src/hotspot/share/interpreter/linkResolver.cpp, line 767]
Event: 0.138 Thread 0x00000200d412a000 Exception <a 'java/lang/NoSuchMethodError'{0x0000000710a62800}: 'java.lang.Object java.lang.invoke.DirectMethodHandle$Holder.invokeStaticInit(java.lang.Object, java.lang.Object, java.lang.Object)'> (0x0000000710a62800) 
thrown [t:/workspace/open/src/hotspot/share/interpreter/linkResolver.cpp, line 767]
Event: 0.154 Thread 0x00000200d412a000 Exception <a 'sun/nio/fs/WindowsException'{0x0000000710acc290}> (0x0000000710acc290) 
thrown [t:/workspace/open/src/hotspot/share/prims/jni.cpp, line 598]
Event: 0.154 Thread 0x00000200d412a000 Exception <a 'sun/nio/fs/WindowsException'{0x0000000710acc7e8}> (0x0000000710acc7e8) 
thrown [t:/workspace/open/src/hotspot/share/prims/jni.cpp, line 598]
Event: 0.176 Thread 0x00000200d412a000 Exception <a 'sun/nio/fs/WindowsException'{0x00000007109e8a58}> (0x00000007109e8a58) 
thrown [t:/workspace/open/src/hotspot/share/prims/jni.cpp, line 598]
Event: 0.176 Thread 0x00000200d412a000 Exception <a 'sun/nio/fs/WindowsException'{0x00000007109e8dc8}> (0x00000007109e8dc8) 
thrown [t:/workspace/open/src/hotspot/share/prims/jni.cpp, line 598]
Event: 0.468 Thread 0x00000200d412a000 Exception <a 'sun/nio/fs/WindowsException'{0x00000007107075f0}> (0x00000007107075f0) 
thrown [t:/workspace/open/src/hotspot/share/prims/jni.cpp, line 598]
Event: 0.468 Thread 0x00000200d412a000 Exception <a 'sun/nio/fs/WindowsException'{0x00000007107079a0}> (0x00000007107079a0) 
thrown [t:/workspace/open/src/hotspot/share/prims/jni.cpp, line 598]
Event: 0.470 Thread 0x00000200d412a000 Exception <a 'sun/nio/fs/WindowsException'{0x00000007107302d8}> (0x00000007107302d8) 
thrown [t:/workspace/open/src/hotspot/share/prims/jni.cpp, line 598]
Event: 0.470 Thread 0x00000200d412a000 Exception <a 'sun/nio/fs/WindowsException'{0x00000007107305c0}> (0x00000007107305c0) 
thrown [t:/workspace/open/src/hotspot/share/prims/jni.cpp, line 598]

Events (20 events):
Event: 0.620 Thread 0x00000200d3b37800 flushing nmethod 0x00000200b85aca10
Event: 1.128 loading class jdk/internal/math/FloatingDecimal
Event: 1.128 loading class jdk/internal/math/FloatingDecimal done
Event: 1.128 loading class jdk/internal/math/FloatingDecimal$ExceptionalBinaryToASCIIBuffer
Event: 1.128 loading class jdk/internal/math/FloatingDecimal$BinaryToASCIIConverter
Event: 1.128 loading class jdk/internal/math/FloatingDecimal$BinaryToASCIIConverter done
Event: 1.128 loading class jdk/internal/math/FloatingDecimal$ExceptionalBinaryToASCIIBuffer done
Event: 1.128 loading class jdk/internal/math/FloatingDecimal$BinaryToASCIIBuffer
Event: 1.128 loading class jdk/internal/math/FloatingDecimal$BinaryToASCIIBuffer done
Event: 1.128 loading class jdk/internal/math/FloatingDecimal$1
Event: 1.128 loading class jdk/internal/math/FloatingDecimal$1 done
Event: 1.128 loading class jdk/internal/math/FloatingDecimal$PreparedASCIIToBinaryBuffer
Event: 1.128 loading class jdk/internal/math/FloatingDecimal$ASCIIToBinaryConverter
Event: 1.128 loading class jdk/internal/math/FloatingDecimal$ASCIIToBinaryConverter done
Event: 1.128 loading class jdk/internal/math/FloatingDecimal$PreparedASCIIToBinaryBuffer done
Event: 1.128 loading class jdk/internal/math/FDBigInteger
Event: 1.129 loading class jdk/internal/math/FDBigInteger done
Event: 1.129 Thread 0x00000200dff7a800 Thread exited: 0x00000200dff7a800
Event: 1.202 loading class org/lwjgl/glfw/Callbacks
Event: 1.202 loading class org/lwjgl/glfw/Callbacks done


Dynamic libraries:
0x00007ff7d1150000 - 0x00007ff7d115f000 	C:\Program Files\Java\jdk-13.0.2\bin\javaw.exe
0x00007ffffcec0000 - 0x00007ffffd0b0000 	C:\Windows\SYSTEM32\ntdll.dll
0x00007ffffb430000 - 0x00007ffffb4e2000 	C:\Windows\System32\KERNEL32.DLL
0x00007ffffa6a0000 - 0x00007ffffa943000 	C:\Windows\System32\KERNELBASE.dll
0x00007ffff7fe0000 - 0x00007ffff806f000 	C:\Windows\SYSTEM32\apphelp.dll
0x00007ffffa950000 - 0x00007ffffaa4a000 	C:\Windows\System32\ucrtbase.dll
0x00007fffed980000 - 0x00007fffed998000 	C:\Program Files\Java\jdk-13.0.2\bin\jli.dll
0x00007ffffc310000 - 0x00007ffffc3b3000 	C:\Windows\System32\ADVAPI32.dll
0x00007fffedb90000 - 0x00007fffedba5000 	C:\Program Files\Java\jdk-13.0.2\bin\VCRUNTIME140.dll
0x00007ffffcde0000 - 0x00007ffffce7e000 	C:\Windows\System32\msvcrt.dll
0x00007ffffbc30000 - 0x00007ffffbcc7000 	C:\Windows\System32\sechost.dll
0x00007ffffaf70000 - 0x00007ffffb090000 	C:\Windows\System32\RPCRT4.dll
0x00007ffffbf50000 - 0x00007ffffc0e4000 	C:\Windows\System32\USER32.dll
0x00007ffffaab0000 - 0x00007ffffaad1000 	C:\Windows\System32\win32u.dll
0x00007ffffcdb0000 - 0x00007ffffcdd6000 	C:\Windows\System32\GDI32.dll
0x00007ffffab90000 - 0x00007ffffad24000 	C:\Windows\System32\gdi32full.dll
0x00007fffe38d0000 - 0x00007fffe3b55000 	C:\Windows\WinSxS\amd64_microsoft.windows.common-controls_6595b64144ccf1df_6.0.18362.657_none_e6c5b579130e3898\COMCTL32.dll
0x00007ffffad30000 - 0x00007ffffadce000 	C:\Windows\System32\msvcp_win.dll
0x00007ffffc590000 - 0x00007ffffc8c6000 	C:\Windows\System32\combase.dll
0x00007ffff9ea0000 - 0x00007ffff9f20000 	C:\Windows\System32\bcryptPrimitives.dll
0x00007ffff64a0000 - 0x00007ffff64aa000 	C:\Windows\SYSTEM32\VERSION.dll
0x00007ffffb4f0000 - 0x00007ffffb51e000 	C:\Windows\System32\IMM32.DLL
0x00007fffe6330000 - 0x00007fffe63cb000 	C:\Program Files\Java\jdk-13.0.2\bin\msvcp140.dll
0x00007fff9e250000 - 0x00007fff9edad000 	C:\Program Files\Java\jdk-13.0.2\bin\server\jvm.dll
0x00007ffffc8d0000 - 0x00007ffffc8d8000 	C:\Windows\System32\PSAPI.DLL
0x00007ffff34f0000 - 0x00007ffff34f9000 	C:\Windows\SYSTEM32\WSOCK32.dll
0x00007fffedfa0000 - 0x00007fffedfc4000 	C:\Windows\SYSTEM32\WINMM.dll
0x00007ffffc0f0000 - 0x00007ffffc15f000 	C:\Windows\System32\WS2_32.dll
0x00007ffff12f0000 - 0x00007ffff131d000 	C:\Windows\SYSTEM32\WINMMBASE.dll
0x00007ffffaf20000 - 0x00007ffffaf6a000 	C:\Windows\System32\cfgmgr32.dll
0x00007ffff9df0000 - 0x00007ffff9e01000 	C:\Windows\System32\kernel.appcore.dll
0x00007fffedc80000 - 0x00007fffedc90000 	C:\Program Files\Java\jdk-13.0.2\bin\verify.dll
0x00007ffff5230000 - 0x00007ffff5424000 	C:\Windows\SYSTEM32\DBGHELP.DLL
0x00007ffff4f10000 - 0x00007ffff4f3a000 	C:\Windows\SYSTEM32\dbgcore.DLL
0x00007fffedbb0000 - 0x00007fffedbd6000 	C:\Program Files\Java\jdk-13.0.2\bin\java.dll
0x00007fffed9d0000 - 0x00007fffed9e7000 	C:\Program Files\Java\jdk-13.0.2\bin\zip.dll
0x00007fffedb80000 - 0x00007fffedb8a000 	C:\Program Files\Java\jdk-13.0.2\bin\jimage.dll
0x00007ffffb540000 - 0x00007ffffbc25000 	C:\Windows\System32\SHELL32.dll
0x00007ffffbe40000 - 0x00007ffffbee9000 	C:\Windows\System32\shcore.dll
0x00007ffff9f20000 - 0x00007ffffa69f000 	C:\Windows\System32\windows.storage.dll
0x00007ffff9e30000 - 0x00007ffff9e4f000 	C:\Windows\System32\profapi.dll
0x00007ffff9da0000 - 0x00007ffff9dea000 	C:\Windows\System32\powrprof.dll
0x00007ffff9d90000 - 0x00007ffff9da0000 	C:\Windows\System32\UMPDC.dll
0x00007ffffc8e0000 - 0x00007ffffc932000 	C:\Windows\System32\shlwapi.dll
0x00007ffff9e80000 - 0x00007ffff9e97000 	C:\Windows\System32\cryptsp.dll
0x00007fffed790000 - 0x00007fffed7a9000 	C:\Program Files\Java\jdk-13.0.2\bin\net.dll
0x00007ffff6510000 - 0x00007ffff6600000 	C:\Windows\SYSTEM32\WINHTTP.dll
0x00007ffff9600000 - 0x00007ffff9667000 	C:\Windows\system32\mswsock.dll
0x00007fffed630000 - 0x00007fffed643000 	C:\Program Files\Java\jdk-13.0.2\bin\nio.dll
0x00007fffb1ca0000 - 0x00007fffb1e39000 	C:\Program Files\Java\jdk-13.0.2\bin\awt.dll
0x00007ffffb1e0000 - 0x00007ffffb2a4000 	C:\Windows\System32\OLEAUT32.dll
0x00007fffe0d00000 - 0x00007fffe0d64000 	C:\Users\storm\AppData\Local\Temp\lwjglstorm\3.2.3-build-13\lwjgl.dll
0x00007fffc6c80000 - 0x00007fffc6ce2000 	C:\Users\storm\AppData\Local\Temp\lwjglstorm\3.2.3-build-13\glfw.dll
0x00007ffff8110000 - 0x00007ffff81a9000 	C:\Windows\system32\uxtheme.dll
0x00007ffff9b90000 - 0x00007ffff9bba000 	C:\Windows\SYSTEM32\DEVOBJ.dll
0x00007ffff8530000 - 0x00007ffff855d000 	C:\Windows\SYSTEM32\dwmapi.dll
0x00007fffeb240000 - 0x00007fffeb35a000 	C:\Windows\SYSTEM32\inputhost.dll
0x00007ffff7e00000 - 0x00007ffff7ed4000 	C:\Windows\SYSTEM32\CoreMessaging.dll
0x00007ffff3380000 - 0x00007ffff346f000 	C:\Windows\SYSTEM32\PROPSYS.dll
0x00007ffff6010000 - 0x00007ffff6163000 	C:\Windows\SYSTEM32\wintypes.dll
0x00007fffec6e0000 - 0x00007fffeca0a000 	C:\Windows\SYSTEM32\CoreUIComponents.dll
0x00007ffff8df0000 - 0x00007ffff8e21000 	C:\Windows\SYSTEM32\ntmarta.dll
0x00007ffffc3d0000 - 0x00007ffffc505000 	C:\Windows\System32\MSCTF.dll
0x00007ffffc940000 - 0x00007ffffcdb0000 	C:\Windows\System32\SETUPAPI.DLL
0x00007ffff9e50000 - 0x00007ffff9e76000 	C:\Windows\System32\bcrypt.dll
0x00007ffffaa50000 - 0x00007ffffaaac000 	C:\Windows\System32\WINTRUST.dll
0x00007ffff9e10000 - 0x00007ffff9e22000 	C:\Windows\System32\MSASN1.dll
0x00007ffffadd0000 - 0x00007ffffaf19000 	C:\Windows\System32\CRYPT32.dll
0x00007fffb1b40000 - 0x00007fffb1c96000 	C:\Windows\SYSTEM32\opengl32.dll
0x00007fffed920000 - 0x00007fffed94c000 	C:\Windows\SYSTEM32\GLU32.dll
0x00007ffff8a00000 - 0x00007ffff8a20000 	C:\Windows\SYSTEM32\dxcore.dll
0x00000000751d0000 - 0x0000000077921000 	C:\Windows\System32\DriverStore\FileRepository\nv_dispi.inf_amd64_90685a092bcf58c7\nvoglv64.dll
0x00007ffffbcd0000 - 0x00007ffffbe26000 	C:\Windows\System32\ole32.dll
0x00007ffff6660000 - 0x00007ffff6673000 	C:\Windows\SYSTEM32\WTSAPI32.dll
0x00007ffff8e60000 - 0x00007ffff8ebc000 	C:\Windows\SYSTEM32\WINSTA.dll
0x00007fffeb360000 - 0x00007fffeb3fe000 	C:\Windows\System32\TextInputFramework.dll
0x00007ffff30d0000 - 0x00007ffff3376000 	C:\Windows\System32\iertutil.dll
0x00007fffd3e00000 - 0x00007fffd3e59000 	C:\Users\storm\AppData\Local\Temp\lwjglstorm\3.2.3-build-13\lwjgl_opengl.dll

dbghelp: loaded successfully - version: 4.0.5 - missing functions: none
symbol engine: initialized successfully - sym options: 0x614 - pdb path: .;C:\Program Files\Java\jdk-13.0.2\bin;C:\Windows\SYSTEM32;C:\Windows\WinSxS\amd64_microsoft.windows.common-controls_6595b64144ccf1df_6.0.18362.657_none_e6c5b579130e3898;C:\Program Files\Java\jdk-13.0.2\bin\server;C:\Users\storm\AppData\Local\Temp\lwjglstorm\3.2.3-build-13;C:\Windows\System32\DriverStore\FileRepository\nv_dispi.inf_amd64_90685a092bcf58c7

VM Arguments:
jvm_args: -Dfile.encoding=Cp1252 
java_command: minecraft.Start
java_class_path (initial): C:\Users\storm\Desktop\Textures\lwjgl\lwjgl.jar;C:\Users\storm\Desktop\Textures\lwjgl\lwjgl-assimp.jar;C:\Users\storm\Desktop\Textures\lwjgl\lwjgl-assimp-javadoc.jar;C:\Users\storm\Desktop\Textures\lwjgl\lwjgl-assimp-natives-windows.jar;C:\Users\storm\Desktop\Textures\lwjgl\lwjgl-assimp-sources.jar;C:\Users\storm\Desktop\Textures\lwjgl\lwjgl-bgfx.jar;C:\Users\storm\Desktop\Textures\lwjgl\lwjgl-bgfx-javadoc.jar;C:\Users\storm\Desktop\Textures\lwjgl\lwjgl-bgfx-natives-windows.jar;C:\Users\storm\Desktop\Textures\lwjgl\lwjgl-bgfx-sources.jar;C:\Users\storm\Desktop\Textures\lwjgl\lwjgl-glfw.jar;C:\Users\storm\Desktop\Textures\lwjgl\lwjgl-glfw-javadoc.jar;C:\Users\storm\Desktop\Textures\lwjgl\lwjgl-glfw-natives-windows.jar;C:\Users\storm\Desktop\Textures\lwjgl\lwjgl-glfw-sources.jar;C:\Users\storm\Desktop\Textures\lwjgl\lwjgl-javadoc.jar;C:\Users\storm\Desktop\Textures\lwjgl\lwjgl-nanovg.jar;C:\Users\storm\Desktop\Textures\lwjgl\lwjgl-nanovg-javadoc.jar;C:\Users\storm\Desktop\Textures\lwjgl\lwjgl-nanovg-natives-windows.jar;C:\Users\storm\Desktop\Textures\lwjgl\lwjgl-nanovg-sources.jar;C:\Users\storm\Desktop\Textures\lwjgl\lwjgl-natives-windows.jar;C:\Users\storm\Desktop\Textures\lwjgl\lwjgl-nuklear.jar;C:\Users\storm\Desktop\Textures\lwjgl\lwjgl-nuklear-javadoc.jar;C:\Users\storm\Desktop\Textures\lwjgl\lwjgl-nuklear-natives-windows.jar;C:\Users\storm\Desktop\Textures\lwjgl\lwjgl-nuklear-sources.jar;C:\Users\storm\Desktop\Textures\lwjgl\lwjgl-openal.jar;C:\Users\storm\Desktop\Textures\lwjgl\lwjgl-openal-javadoc.jar;C:\Users\storm\Desktop\Textures\lwjgl\lwjgl-openal-natives-windows.jar;C:\Users\storm\Desktop\Textures\lwjgl\lwjgl-openal-sources.jar;C:\Users\storm\Desktop\Textures\lwjgl\lwjgl-opengl.jar;C:\Users\storm\Desktop\Textures\lwjgl\lwjgl-opengl-javadoc.jar;C:\Users\storm\Desktop\Textures\lwjgl\lwjgl-opengl-natives-windows.jar;C:\Users\storm\Desktop\Textures\lwjgl\lwjgl-opengl-sources.jar;C:\Users\storm\Desktop\Textures\lwjgl\lwjgl-par.jar
Launcher Type: SUN_STANDARD

[Global flags]
     intx CICompilerCount                          = 3                                         {product} {ergonomic}
     uint ConcGCThreads                            = 2                                         {product} {ergonomic}
     uint G1ConcRefinementThreads                  = 6                                         {product} {ergonomic}
   size_t G1HeapRegionSize                         = 1048576                                   {product} {ergonomic}
    uintx GCDrainStackTargetSize                   = 64                                        {product} {ergonomic}
   size_t InitialHeapSize                          = 268435456                                 {product} {ergonomic}
   size_t MarkStackSize                            = 4194304                                   {product} {ergonomic}
   size_t MaxHeapSize                              = 4278190080                                {product} {ergonomic}
   size_t MaxNewSize                               = 2566914048                                {product} {ergonomic}
   size_t MinHeapDeltaBytes                        = 1048576                                   {product} {ergonomic}
   size_t MinHeapSize                              = 8388608                                   {product} {ergonomic}
    uintx NonNMethodCodeHeapSize                   = 5832780                                {pd product} {ergonomic}
    uintx NonProfiledCodeHeapSize                  = 122912730                              {pd product} {ergonomic}
    uintx ProfiledCodeHeapSize                     = 122912730                              {pd product} {ergonomic}
    uintx ReservedCodeCacheSize                    = 251658240                              {pd product} {ergonomic}
     bool SegmentedCodeCache                       = true                                      {product} {ergonomic}
   size_t SoftMaxHeapSize                          = 4278190080                             {manageable} {ergonomic}
     bool UseCompressedClassPointers               = true                                 {lp64_product} {ergonomic}
     bool UseCompressedOops                        = true                                 {lp64_product} {ergonomic}
     bool UseG1GC                                  = true                                      {product} {ergonomic}
     bool UseLargePagesIndividualAllocation        = false                                  {pd product} {ergonomic}

Logging:
Log output configuration:
 #0: stdout all=warning uptime,level,tags
 #1: stderr all=off uptime,level,tags

Environment Variables:
PATH=C:/Program Files/Java/jdk-13.0.2/bin/server;C:/Program Files/Java/jdk-13.0.2/bin;C:\Program Files (x86)\Common Files\Oracle\Java\javapath;C:\Python27\;C:\Python27\Scripts;C:\Windows\system32;C:\Windows;C:\Windows\System32\Wbem;C:\Windows\System32\WindowsPowerShell\v1.0\;C:\Windows\System32\OpenSSH\;C:\ProgramData\chocolatey\bin;C:\Program Files\nodejs\;C:\Users\storm\scoop\shims;C:\Users\storm\AppData\Local\Programs\Python\Python37\Scripts\;C:\Users\storm\AppData\Local\Programs\Python\Python37\;C:\Users\storm\AppData\Local\Microsoft\WindowsApps;C:\Users\storm\AppData\Local\atom\bin;C:\Users\storm\AppData\Roaming\npm;C:\Windows\system32;
USERNAME=storm
OS=Windows_NT
PROCESSOR_IDENTIFIER=Intel64 Family 6 Model 158 Stepping 13, GenuineIntel



---------------  S Y S T E M  ---------------

OS: Windows 10 , 64 bit Build 18362 (10.0.18362.329)

CPU:total 6 (initial active 6) (6 cores per cpu, 1 threads per core) family 6 model 158 stepping 13, cmov, cx8, fxsr, mmx, sse, sse2, sse3, ssse3, sse4.1, sse4.2, popcnt, avx, avx2, aes, clmul, erms, rtm, 3dnowpref, lzcnt, tsc, tscinvbit, bmi1, bmi2, adx, fma

Memory: 4k page, system-wide physical 16319M (9305M free)
TotalPageFile size 18751M (AvailPageFile size 3785M)
current process WorkingSet (physical memory assigned to process): 114M, peak: 117M
current process commit charge ("private bytes"): 403M, peak: 409M

vm_info: Java HotSpot(TM) 64-Bit Server VM (13.0.2+8) for windows-amd64 JRE (13.0.2+8), built on Dec 11 2019 09:20:33 by "mach5one" with unknown MS VC++:1916

END.
