#
# A fatal error has been detected by the Java Runtime Environment:
#
#  EXCEPTION_ACCESS_VIOLATION (0xc0000005) at pc=0x00000000760ca2d0, pid=6424, tid=6968
#
# JRE version: Java(TM) SE Runtime Environment (13.0.2+8) (build 13.0.2+8)
# Java VM: Java HotSpot(TM) 64-Bit Server VM (13.0.2+8, mixed mode, sharing, tiered, compressed oops, g1 gc, windows-amd64)
# Problematic frame:
# C  [nvoglv64.dll+0xefa2d0]
#
# No core dump will be written. Minidumps are not enabled by default on client versions of Windows
#
# If you would like to submit a bug report, please visit:
#   http://bugreport.java.com/bugreport/crash.jsp
# The crash happened outside the Java Virtual Machine in native code.
# See problematic frame for where to report the bug.
#

---------------  S U M M A R Y ------------

Command Line: -Dfile.encoding=Cp1252 minecraft.Start

Host: Intel(R) Core(TM) i5-9600K CPU @ 3.70GHz, 6 cores, 15G,  Windows 10 , 64 bit Build 18362 (10.0.18362.329)
Time: Thu Feb 20 01:42:18 2020 Mountain Standard Time elapsed time: 0 seconds (0d 0h 0m 0s)

---------------  T H R E A D  ---------------

Current thread (0x0000020515903800):  JavaThread "Thread-0" [_thread_in_native, id=6968, stack(0x0000008048d00000,0x0000008048e00000)]

Stack: [0x0000008048d00000,0x0000008048e00000],  sp=0x0000008048dfefe8,  free space=1019k
Native frames: (J=compiled Java code, j=interpreted, Vv=VM code, C=native code)
C  [nvoglv64.dll+0xefa2d0]

Java frames: (J=compiled Java code, j=interpreted, Vv=VM code)
j  org.lwjgl.opengl.GL11C.glDrawArrays(III)V+0
j  org.lwjgl.opengl.GL11.glDrawArrays(III)V+3
j  engine.graphics.Renderer.render(Lengine/graphics/Mesh;)V+17
j  minecraft.Game.render()V+15
j  minecraft.Game.run()V+30
j  java.lang.Thread.run()V+11 java.base@13.0.2
v  ~StubRoutines::call_stub

siginfo: EXCEPTION_ACCESS_VIOLATION (0xc0000005), reading address 0x0000000000000000


Register to memory mapping:

RIP=0x00000000760ca2d0 nvoglv64.dll
RAX=0x0000000000000048 is an unknown value
RBX=0x0000020516e095b8 points into unknown readable memory: 00 00 00 00 00 00 00 00
RCX=0x00000205217716e8 points into unknown readable memory: 00 00 00 00 00 00 00 00
RDX=0xfffffdfade88e918 is an unknown value
RSP=0x0000008048dfefe8 is pointing into the stack for thread: 0x0000020515903800
RBP=0x0000000000000001 is an unknown value
RSI=0x0000000000000006 is an unknown value
RDI=0x00000205217716e8 points into unknown readable memory: 00 00 00 00 00 00 00 00
R8 =0x0000000000000048 is an unknown value
R9 =0x0000000000000006 is an unknown value
R10=0x0 is NULL
R11=0x00000205217716e8 points into unknown readable memory: 00 00 00 00 00 00 00 00
R12=0x0 is NULL
R13=0x00000000751d0000 nvoglv64.dll
R14=0x0 is NULL
R15=0x0000020516e09338 points into unknown readable memory: 04 00 00 00 01 00 00 00


Registers:
RAX=0x0000000000000048, RBX=0x0000020516e095b8, RCX=0x00000205217716e8, RDX=0xfffffdfade88e918
RSP=0x0000008048dfefe8, RBP=0x0000000000000001, RSI=0x0000000000000006, RDI=0x00000205217716e8
R8 =0x0000000000000048, R9 =0x0000000000000006, R10=0x0000000000000000, R11=0x00000205217716e8
R12=0x0000000000000000, R13=0x00000000751d0000, R14=0x0000000000000000, R15=0x0000020516e09338
RIP=0x00000000760ca2d0, EFLAGS=0x0000000000010283

Top of Stack: (sp=0x0000008048dfefe8)
0x0000008048dfefe8:   0000000075ba944a 000002050000a273
0x0000008048dfeff8:   0000000000000148 0000020515903800
0x0000008048dff008:   0000000075a1ce1b 0000020515903800
0x0000008048dff018:   0000000000000006 0000000000000000
0x0000008048dff028:   000000000002c10b 0000020516e09338
0x0000008048dff038:   0000000075baa234 0000020516e07080
0x0000008048dff048:   0000000000000004 0000000000000000
0x0000008048dff058:   000002050000f340 0000020515903800
0x0000008048dff068:   0000008048dff148 00000205157b5018
0x0000008048dff078:   0000000000000000 000002050000a273
0x0000008048dff088:   000002050000f4f7 00000205157b5020
0x0000008048dff098:   0000008048dff118 0000000000000148
0x0000008048dff0a8:   0000000000000148 3ff0000000000006
0x0000008048dff0b8:   0000000000000000 0000000000000148
0x0000008048dff0c8:   000002050000f196 0000008048dff0d0
0x0000008048dff0d8:   00000205157b5018 0000008048dff148 

Instructions: (pc=0x00000000760ca2d0)
0x00000000760ca1d0:   4c 8b 02 8b 4a 08 4c 89 00 89 48 08 c3 0f 1f 00
0x00000000760ca1e0:   4c 8b 02 8b 4a 08 44 0f b7 4a 0c 4c 89 00 89 48
0x00000000760ca1f0:   08 66 44 89 48 0c c3 66 0f 1f 84 00 00 00 00 00
0x00000000760ca200:   4c 8b 02 8b 4a 08 44 0f b7 4a 0c 44 0f b6 52 0e
0x00000000760ca210:   4c 89 00 89 48 08 66 44 89 48 0c 44 88 50 0e c3
0x00000000760ca220:   0f 10 04 0a 4c 03 c1 48 83 c1 10 41 f6 c3 0f 74
0x00000000760ca230:   13 0f 28 c8 48 83 e1 f0 0f 10 04 0a 48 83 c1 10
0x00000000760ca240:   41 0f 11 0b 4c 2b c1 4d 8b c8 49 c1 e9 07 0f 84
0x00000000760ca250:   88 00 00 00 0f 29 41 f0 4c 3b 0d 51 a8 65 01 76
0x00000000760ca260:   17 e9 c2 00 00 00 66 66 0f 1f 84 00 00 00 00 00
0x00000000760ca270:   0f 29 41 e0 0f 29 49 f0 0f 10 04 0a 0f 10 4c 0a
0x00000000760ca280:   10 48 81 c1 80 00 00 00 0f 29 41 80 0f 29 49 90
0x00000000760ca290:   0f 10 44 0a a0 0f 10 4c 0a b0 49 ff c9 0f 29 41
0x00000000760ca2a0:   a0 0f 29 49 b0 0f 10 44 0a c0 0f 10 4c 0a d0 0f
0x00000000760ca2b0:   29 41 c0 0f 29 49 d0 0f 10 44 0a e0 0f 10 4c 0a
0x00000000760ca2c0:   f0 75 ad 0f 29 41 e0 49 83 e0 7f 0f 28 c1 eb 0c
0x00000000760ca2d0:   0f 10 04 0a 48 83 c1 10 49 83 e8 10 4d 8b c8 49
0x00000000760ca2e0:   c1 e9 04 74 1c 66 66 66 0f 1f 84 00 00 00 00 00
0x00000000760ca2f0:   0f 11 41 f0 0f 10 04 0a 48 83 c1 10 49 ff c9 75
0x00000000760ca300:   ef 49 83 e0 0f 74 0d 49 8d 04 08 0f 10 4c 02 f0
0x00000000760ca310:   0f 11 48 f0 0f 11 41 f0 49 8b c3 c3 0f 1f 40 00
0x00000000760ca320:   0f 2b 41 e0 0f 2b 49 f0 0f 18 84 0a 00 02 00 00
0x00000000760ca330:   0f 10 04 0a 0f 10 4c 0a 10 48 81 c1 80 00 00 00
0x00000000760ca340:   0f 2b 41 80 0f 2b 49 90 0f 10 44 0a a0 0f 10 4c
0x00000000760ca350:   0a b0 49 ff c9 0f 2b 41 a0 0f 2b 49 b0 0f 10 44
0x00000000760ca360:   0a c0 0f 10 4c 0a d0 0f 18 84 0a 40 02 00 00 0f
0x00000000760ca370:   2b 41 c0 0f 2b 49 d0 0f 10 44 0a e0 0f 10 4c 0a
0x00000000760ca380:   f0 75 9d 0f ae f8 e9 38 ff ff ff 0f 1f 44 00 00
0x00000000760ca390:   49 03 c8 0f 10 44 0a f0 48 83 e9 10 49 83 e8 10
0x00000000760ca3a0:   f6 c1 0f 74 17 48 8b c1 48 83 e1 f0 0f 10 c8 0f
0x00000000760ca3b0:   10 04 0a 0f 11 08 4c 8b c1 4d 2b c3 4d 8b c8 49
0x00000000760ca3c0:   c1 e9 07 74 68 0f 29 01 eb 0d 66 0f 1f 44 00 00 


Stack slot to memory mapping:
stack at sp + 0 slots: 0x0000000075ba944a nvoglv64.dll
stack at sp + 1 slots: 0x000002050000a273 is at code_begin+2355 in an Interpreter codelet
invoke return entry points  [0x0000020500009940, 0x000002050000a360]  2592 bytes
stack at sp + 2 slots: 0x0000000000000148 is an unknown value
stack at sp + 3 slots: 0x0000020515903800 is a thread
stack at sp + 4 slots: 0x0000000075a1ce1b nvoglv64.dll
stack at sp + 5 slots: 0x0000020515903800 is a thread
stack at sp + 6 slots: 0x0000000000000006 is an unknown value
stack at sp + 7 slots: 0x0 is NULL


---------------  P R O C E S S  ---------------

Threads class SMR info:
_java_thread_list=0x0000020521888750, length=13, elements={
0x000002056f30e800, 0x000002057fb4e800, 0x000002057fb52800, 0x000002057fb6e000,
0x000002057fb6f000, 0x000002057fb71000, 0x000002057fb78000, 0x000002057fb83800,
0x000002057fcb9000, 0x000002057fcd3800, 0x000002057fe6e800, 0x0000020515903800,
0x000002052181c800
}

Java Threads: ( => current thread )
  0x000002056f30e800 JavaThread "main" [_thread_blocked, id=7688, stack(0x0000008047b00000,0x0000008047c00000)]
  0x000002057fb4e800 JavaThread "Reference Handler" daemon [_thread_blocked, id=14444, stack(0x0000008048200000,0x0000008048300000)]
  0x000002057fb52800 JavaThread "Finalizer" daemon [_thread_blocked, id=2540, stack(0x0000008048300000,0x0000008048400000)]
  0x000002057fb6e000 JavaThread "Signal Dispatcher" daemon [_thread_blocked, id=16228, stack(0x0000008048400000,0x0000008048500000)]
  0x000002057fb6f000 JavaThread "Attach Listener" daemon [_thread_blocked, id=11304, stack(0x0000008048500000,0x0000008048600000)]
  0x000002057fb71000 JavaThread "C2 CompilerThread0" daemon [_thread_in_native, id=8232, stack(0x0000008048600000,0x0000008048700000)]
  0x000002057fb78000 JavaThread "C1 CompilerThread0" daemon [_thread_blocked, id=11484, stack(0x0000008048700000,0x0000008048800000)]
  0x000002057fb83800 JavaThread "Sweeper thread" daemon [_thread_blocked, id=16528, stack(0x0000008048800000,0x0000008048900000)]
  0x000002057fcb9000 JavaThread "Service Thread" daemon [_thread_blocked, id=17020, stack(0x0000008048900000,0x0000008048a00000)]
  0x000002057fcd3800 JavaThread "Common-Cleaner" daemon [_thread_blocked, id=17016, stack(0x0000008048b00000,0x0000008048c00000)]
  0x000002057fe6e800 JavaThread "Java2D Disposer" daemon [_thread_blocked, id=14692, stack(0x0000008048c00000,0x0000008048d00000)]
=>0x0000020515903800 JavaThread "Thread-0" [_thread_in_native, id=6968, stack(0x0000008048d00000,0x0000008048e00000)]
  0x000002052181c800 JavaThread "C2 CompilerThread1" daemon [_thread_in_native, id=16784, stack(0x0000008049500000,0x0000008049600000)]

Other Threads:
  0x000002057fb4d000 VMThread "VM Thread" [stack: 0x0000008048100000,0x0000008048200000] [id=16932]
  0x000002057fce7800 WatcherThread [stack: 0x0000008048a00000,0x0000008048b00000] [id=4884]
  0x000002056f378800 GCTaskThread "GC Thread#0" [stack: 0x0000008047c00000,0x0000008047d00000] [id=14620]
  0x0000020521ec0000 GCTaskThread "GC Thread#1" [stack: 0x0000008049600000,0x0000008049700000] [id=10400]
  0x0000020521ec1800 GCTaskThread "GC Thread#2" [stack: 0x0000008049700000,0x0000008049800000] [id=16920]
  0x0000020521ec2000 GCTaskThread "GC Thread#3" [stack: 0x0000008049800000,0x0000008049900000] [id=7368]
  0x0000020521ebc000 GCTaskThread "GC Thread#4" [stack: 0x0000008049900000,0x0000008049a00000] [id=14452]
  0x0000020521ec3000 GCTaskThread "GC Thread#5" [stack: 0x0000008049a00000,0x0000008049b00000] [id=2444]
  0x000002056f39a800 ConcurrentGCThread "G1 Main Marker" [stack: 0x0000008047d00000,0x0000008047e00000] [id=8]
  0x000002056f39c800 ConcurrentGCThread "G1 Conc#0" [stack: 0x0000008047e00000,0x0000008047f00000] [id=11988]
  0x000002057f582800 ConcurrentGCThread "G1 Refine#0" [stack: 0x0000008047f00000,0x0000008048000000] [id=7484]
  0x000002057f585800 ConcurrentGCThread "G1 Young RemSet Sampling" [stack: 0x0000008048000000,0x0000008048100000] [id=2600]

Threads with active compile tasks:
C2 CompilerThread0      621  852       4       java.util.jar.JarFile::getEntry (22 bytes)
C2 CompilerThread1      621  873   !   4       jdk.internal.loader.URLClassPath$JarLoader::getResource (65 bytes)

VM state:not at safepoint (normal execution)

VM Mutex/Monitor currently owned by a thread: None

Heap address: 0x0000000701000000, size: 4080 MB, Compressed Oops mode: Zero based, Oop shift amount: 3
Narrow klass base: 0x0000000800000000, Narrow klass shift: 3
Compressed class space size: 1073741824 Address: 0x0000000800b40000

Heap:
 garbage-first heap   total 262144K, used 4013K [0x0000000701000000, 0x0000000800000000)
  region size 1024K, 5 young (5120K), 3 survivors (3072K)
 Metaspace       used 7193K, capacity 8960K, committed 9088K, reserved 1058816K
  class space    used 441K, capacity 632K, committed 640K, reserved 1048576K
Heap Regions: E=young(eden), S=young(survivor), O=old, HS=humongous(starts), HC=humongous(continues), CS=collection set, F=free, A=archive, TAMS=top-at-mark-start (previous, next)
|   0|0x0000000701000000, 0x0000000701000000, 0x0000000701100000|  0%| F|  |TAMS 0x0000000701000000, 0x0000000701000000| Untracked 
|   1|0x0000000701100000, 0x0000000701100000, 0x0000000701200000|  0%| F|  |TAMS 0x0000000701100000, 0x0000000701100000| Untracked 
|   2|0x0000000701200000, 0x0000000701200000, 0x0000000701300000|  0%| F|  |TAMS 0x0000000701200000, 0x0000000701200000| Untracked 
|   3|0x0000000701300000, 0x0000000701300000, 0x0000000701400000|  0%| F|  |TAMS 0x0000000701300000, 0x0000000701300000| Untracked 
|   4|0x0000000701400000, 0x0000000701400000, 0x0000000701500000|  0%| F|  |TAMS 0x0000000701400000, 0x0000000701400000| Untracked 
|   5|0x0000000701500000, 0x0000000701500000, 0x0000000701600000|  0%| F|  |TAMS 0x0000000701500000, 0x0000000701500000| Untracked 
|   6|0x0000000701600000, 0x0000000701600000, 0x0000000701700000|  0%| F|  |TAMS 0x0000000701600000, 0x0000000701600000| Untracked 
|   7|0x0000000701700000, 0x0000000701700000, 0x0000000701800000|  0%| F|  |TAMS 0x0000000701700000, 0x0000000701700000| Untracked 
|   8|0x0000000701800000, 0x0000000701800000, 0x0000000701900000|  0%| F|  |TAMS 0x0000000701800000, 0x0000000701800000| Untracked 
|   9|0x0000000701900000, 0x0000000701900000, 0x0000000701a00000|  0%| F|  |TAMS 0x0000000701900000, 0x0000000701900000| Untracked 
|  10|0x0000000701a00000, 0x0000000701a00000, 0x0000000701b00000|  0%| F|  |TAMS 0x0000000701a00000, 0x0000000701a00000| Untracked 
|  11|0x0000000701b00000, 0x0000000701b00000, 0x0000000701c00000|  0%| F|  |TAMS 0x0000000701b00000, 0x0000000701b00000| Untracked 
|  12|0x0000000701c00000, 0x0000000701c00000, 0x0000000701d00000|  0%| F|  |TAMS 0x0000000701c00000, 0x0000000701c00000| Untracked 
|  13|0x0000000701d00000, 0x0000000701d00000, 0x0000000701e00000|  0%| F|  |TAMS 0x0000000701d00000, 0x0000000701d00000| Untracked 
|  14|0x0000000701e00000, 0x0000000701e00000, 0x0000000701f00000|  0%| F|  |TAMS 0x0000000701e00000, 0x0000000701e00000| Untracked 
|  15|0x0000000701f00000, 0x0000000701f00000, 0x0000000702000000|  0%| F|  |TAMS 0x0000000701f00000, 0x0000000701f00000| Untracked 
|  16|0x0000000702000000, 0x0000000702000000, 0x0000000702100000|  0%| F|  |TAMS 0x0000000702000000, 0x0000000702000000| Untracked 
|  17|0x0000000702100000, 0x0000000702100000, 0x0000000702200000|  0%| F|  |TAMS 0x0000000702100000, 0x0000000702100000| Untracked 
|  18|0x0000000702200000, 0x0000000702200000, 0x0000000702300000|  0%| F|  |TAMS 0x0000000702200000, 0x0000000702200000| Untracked 
|  19|0x0000000702300000, 0x0000000702300000, 0x0000000702400000|  0%| F|  |TAMS 0x0000000702300000, 0x0000000702300000| Untracked 
|  20|0x0000000702400000, 0x0000000702400000, 0x0000000702500000|  0%| F|  |TAMS 0x0000000702400000, 0x0000000702400000| Untracked 
|  21|0x0000000702500000, 0x0000000702500000, 0x0000000702600000|  0%| F|  |TAMS 0x0000000702500000, 0x0000000702500000| Untracked 
|  22|0x0000000702600000, 0x0000000702600000, 0x0000000702700000|  0%| F|  |TAMS 0x0000000702600000, 0x0000000702600000| Untracked 
|  23|0x0000000702700000, 0x0000000702700000, 0x0000000702800000|  0%| F|  |TAMS 0x0000000702700000, 0x0000000702700000| Untracked 
|  24|0x0000000702800000, 0x0000000702800000, 0x0000000702900000|  0%| F|  |TAMS 0x0000000702800000, 0x0000000702800000| Untracked 
|  25|0x0000000702900000, 0x0000000702900000, 0x0000000702a00000|  0%| F|  |TAMS 0x0000000702900000, 0x0000000702900000| Untracked 
|  26|0x0000000702a00000, 0x0000000702a00000, 0x0000000702b00000|  0%| F|  |TAMS 0x0000000702a00000, 0x0000000702a00000| Untracked 
|  27|0x0000000702b00000, 0x0000000702b00000, 0x0000000702c00000|  0%| F|  |TAMS 0x0000000702b00000, 0x0000000702b00000| Untracked 
|  28|0x0000000702c00000, 0x0000000702c00000, 0x0000000702d00000|  0%| F|  |TAMS 0x0000000702c00000, 0x0000000702c00000| Untracked 
|  29|0x0000000702d00000, 0x0000000702d00000, 0x0000000702e00000|  0%| F|  |TAMS 0x0000000702d00000, 0x0000000702d00000| Untracked 
|  30|0x0000000702e00000, 0x0000000702e00000, 0x0000000702f00000|  0%| F|  |TAMS 0x0000000702e00000, 0x0000000702e00000| Untracked 
|  31|0x0000000702f00000, 0x0000000702f00000, 0x0000000703000000|  0%| F|  |TAMS 0x0000000702f00000, 0x0000000702f00000| Untracked 
|  32|0x0000000703000000, 0x0000000703000000, 0x0000000703100000|  0%| F|  |TAMS 0x0000000703000000, 0x0000000703000000| Untracked 
|  33|0x0000000703100000, 0x0000000703100000, 0x0000000703200000|  0%| F|  |TAMS 0x0000000703100000, 0x0000000703100000| Untracked 
|  34|0x0000000703200000, 0x0000000703200000, 0x0000000703300000|  0%| F|  |TAMS 0x0000000703200000, 0x0000000703200000| Untracked 
|  35|0x0000000703300000, 0x0000000703300000, 0x0000000703400000|  0%| F|  |TAMS 0x0000000703300000, 0x0000000703300000| Untracked 
|  36|0x0000000703400000, 0x0000000703400000, 0x0000000703500000|  0%| F|  |TAMS 0x0000000703400000, 0x0000000703400000| Untracked 
|  37|0x0000000703500000, 0x0000000703500000, 0x0000000703600000|  0%| F|  |TAMS 0x0000000703500000, 0x0000000703500000| Untracked 
|  38|0x0000000703600000, 0x0000000703600000, 0x0000000703700000|  0%| F|  |TAMS 0x0000000703600000, 0x0000000703600000| Untracked 
|  39|0x0000000703700000, 0x0000000703700000, 0x0000000703800000|  0%| F|  |TAMS 0x0000000703700000, 0x0000000703700000| Untracked 
|  40|0x0000000703800000, 0x0000000703800000, 0x0000000703900000|  0%| F|  |TAMS 0x0000000703800000, 0x0000000703800000| Untracked 
|  41|0x0000000703900000, 0x0000000703900000, 0x0000000703a00000|  0%| F|  |TAMS 0x0000000703900000, 0x0000000703900000| Untracked 
|  42|0x0000000703a00000, 0x0000000703a00000, 0x0000000703b00000|  0%| F|  |TAMS 0x0000000703a00000, 0x0000000703a00000| Untracked 
|  43|0x0000000703b00000, 0x0000000703b00000, 0x0000000703c00000|  0%| F|  |TAMS 0x0000000703b00000, 0x0000000703b00000| Untracked 
|  44|0x0000000703c00000, 0x0000000703c00000, 0x0000000703d00000|  0%| F|  |TAMS 0x0000000703c00000, 0x0000000703c00000| Untracked 
|  45|0x0000000703d00000, 0x0000000703d00000, 0x0000000703e00000|  0%| F|  |TAMS 0x0000000703d00000, 0x0000000703d00000| Untracked 
|  46|0x0000000703e00000, 0x0000000703e00000, 0x0000000703f00000|  0%| F|  |TAMS 0x0000000703e00000, 0x0000000703e00000| Untracked 
|  47|0x0000000703f00000, 0x0000000703f00000, 0x0000000704000000|  0%| F|  |TAMS 0x0000000703f00000, 0x0000000703f00000| Untracked 
|  48|0x0000000704000000, 0x0000000704000000, 0x0000000704100000|  0%| F|  |TAMS 0x0000000704000000, 0x0000000704000000| Untracked 
|  49|0x0000000704100000, 0x0000000704100000, 0x0000000704200000|  0%| F|  |TAMS 0x0000000704100000, 0x0000000704100000| Untracked 
|  50|0x0000000704200000, 0x0000000704200000, 0x0000000704300000|  0%| F|  |TAMS 0x0000000704200000, 0x0000000704200000| Untracked 
|  51|0x0000000704300000, 0x0000000704300000, 0x0000000704400000|  0%| F|  |TAMS 0x0000000704300000, 0x0000000704300000| Untracked 
|  52|0x0000000704400000, 0x0000000704400000, 0x0000000704500000|  0%| F|  |TAMS 0x0000000704400000, 0x0000000704400000| Untracked 
|  53|0x0000000704500000, 0x0000000704500000, 0x0000000704600000|  0%| F|  |TAMS 0x0000000704500000, 0x0000000704500000| Untracked 
|  54|0x0000000704600000, 0x0000000704600000, 0x0000000704700000|  0%| F|  |TAMS 0x0000000704600000, 0x0000000704600000| Untracked 
|  55|0x0000000704700000, 0x0000000704700000, 0x0000000704800000|  0%| F|  |TAMS 0x0000000704700000, 0x0000000704700000| Untracked 
|  56|0x0000000704800000, 0x0000000704800000, 0x0000000704900000|  0%| F|  |TAMS 0x0000000704800000, 0x0000000704800000| Untracked 
|  57|0x0000000704900000, 0x0000000704900000, 0x0000000704a00000|  0%| F|  |TAMS 0x0000000704900000, 0x0000000704900000| Untracked 
|  58|0x0000000704a00000, 0x0000000704a00000, 0x0000000704b00000|  0%| F|  |TAMS 0x0000000704a00000, 0x0000000704a00000| Untracked 
|  59|0x0000000704b00000, 0x0000000704b00000, 0x0000000704c00000|  0%| F|  |TAMS 0x0000000704b00000, 0x0000000704b00000| Untracked 
|  60|0x0000000704c00000, 0x0000000704c00000, 0x0000000704d00000|  0%| F|  |TAMS 0x0000000704c00000, 0x0000000704c00000| Untracked 
|  61|0x0000000704d00000, 0x0000000704d00000, 0x0000000704e00000|  0%| F|  |TAMS 0x0000000704d00000, 0x0000000704d00000| Untracked 
|  62|0x0000000704e00000, 0x0000000704e00000, 0x0000000704f00000|  0%| F|  |TAMS 0x0000000704e00000, 0x0000000704e00000| Untracked 
|  63|0x0000000704f00000, 0x0000000704f00000, 0x0000000705000000|  0%| F|  |TAMS 0x0000000704f00000, 0x0000000704f00000| Untracked 
|  64|0x0000000705000000, 0x0000000705000000, 0x0000000705100000|  0%| F|  |TAMS 0x0000000705000000, 0x0000000705000000| Untracked 
|  65|0x0000000705100000, 0x0000000705100000, 0x0000000705200000|  0%| F|  |TAMS 0x0000000705100000, 0x0000000705100000| Untracked 
|  66|0x0000000705200000, 0x0000000705200000, 0x0000000705300000|  0%| F|  |TAMS 0x0000000705200000, 0x0000000705200000| Untracked 
|  67|0x0000000705300000, 0x0000000705300000, 0x0000000705400000|  0%| F|  |TAMS 0x0000000705300000, 0x0000000705300000| Untracked 
|  68|0x0000000705400000, 0x0000000705400000, 0x0000000705500000|  0%| F|  |TAMS 0x0000000705400000, 0x0000000705400000| Untracked 
|  69|0x0000000705500000, 0x0000000705500000, 0x0000000705600000|  0%| F|  |TAMS 0x0000000705500000, 0x0000000705500000| Untracked 
|  70|0x0000000705600000, 0x0000000705600000, 0x0000000705700000|  0%| F|  |TAMS 0x0000000705600000, 0x0000000705600000| Untracked 
|  71|0x0000000705700000, 0x0000000705700000, 0x0000000705800000|  0%| F|  |TAMS 0x0000000705700000, 0x0000000705700000| Untracked 
|  72|0x0000000705800000, 0x0000000705800000, 0x0000000705900000|  0%| F|  |TAMS 0x0000000705800000, 0x0000000705800000| Untracked 
|  73|0x0000000705900000, 0x0000000705900000, 0x0000000705a00000|  0%| F|  |TAMS 0x0000000705900000, 0x0000000705900000| Untracked 
|  74|0x0000000705a00000, 0x0000000705a00000, 0x0000000705b00000|  0%| F|  |TAMS 0x0000000705a00000, 0x0000000705a00000| Untracked 
|  75|0x0000000705b00000, 0x0000000705b00000, 0x0000000705c00000|  0%| F|  |TAMS 0x0000000705b00000, 0x0000000705b00000| Untracked 
|  76|0x0000000705c00000, 0x0000000705c00000, 0x0000000705d00000|  0%| F|  |TAMS 0x0000000705c00000, 0x0000000705c00000| Untracked 
|  77|0x0000000705d00000, 0x0000000705d00000, 0x0000000705e00000|  0%| F|  |TAMS 0x0000000705d00000, 0x0000000705d00000| Untracked 
|  78|0x0000000705e00000, 0x0000000705e00000, 0x0000000705f00000|  0%| F|  |TAMS 0x0000000705e00000, 0x0000000705e00000| Untracked 
|  79|0x0000000705f00000, 0x0000000705f00000, 0x0000000706000000|  0%| F|  |TAMS 0x0000000705f00000, 0x0000000705f00000| Untracked 
|  80|0x0000000706000000, 0x0000000706000000, 0x0000000706100000|  0%| F|  |TAMS 0x0000000706000000, 0x0000000706000000| Untracked 
|  81|0x0000000706100000, 0x0000000706100000, 0x0000000706200000|  0%| F|  |TAMS 0x0000000706100000, 0x0000000706100000| Untracked 
|  82|0x0000000706200000, 0x0000000706200000, 0x0000000706300000|  0%| F|  |TAMS 0x0000000706200000, 0x0000000706200000| Untracked 
|  83|0x0000000706300000, 0x0000000706300000, 0x0000000706400000|  0%| F|  |TAMS 0x0000000706300000, 0x0000000706300000| Untracked 
|  84|0x0000000706400000, 0x0000000706400000, 0x0000000706500000|  0%| F|  |TAMS 0x0000000706400000, 0x0000000706400000| Untracked 
|  85|0x0000000706500000, 0x0000000706500000, 0x0000000706600000|  0%| F|  |TAMS 0x0000000706500000, 0x0000000706500000| Untracked 
|  86|0x0000000706600000, 0x0000000706600000, 0x0000000706700000|  0%| F|  |TAMS 0x0000000706600000, 0x0000000706600000| Untracked 
|  87|0x0000000706700000, 0x0000000706700000, 0x0000000706800000|  0%| F|  |TAMS 0x0000000706700000, 0x0000000706700000| Untracked 
|  88|0x0000000706800000, 0x0000000706800000, 0x0000000706900000|  0%| F|  |TAMS 0x0000000706800000, 0x0000000706800000| Untracked 
|  89|0x0000000706900000, 0x0000000706900000, 0x0000000706a00000|  0%| F|  |TAMS 0x0000000706900000, 0x0000000706900000| Untracked 
|  90|0x0000000706a00000, 0x0000000706a00000, 0x0000000706b00000|  0%| F|  |TAMS 0x0000000706a00000, 0x0000000706a00000| Untracked 
|  91|0x0000000706b00000, 0x0000000706b00000, 0x0000000706c00000|  0%| F|  |TAMS 0x0000000706b00000, 0x0000000706b00000| Untracked 
|  92|0x0000000706c00000, 0x0000000706c00000, 0x0000000706d00000|  0%| F|  |TAMS 0x0000000706c00000, 0x0000000706c00000| Untracked 
|  93|0x0000000706d00000, 0x0000000706d00000, 0x0000000706e00000|  0%| F|  |TAMS 0x0000000706d00000, 0x0000000706d00000| Untracked 
|  94|0x0000000706e00000, 0x0000000706e00000, 0x0000000706f00000|  0%| F|  |TAMS 0x0000000706e00000, 0x0000000706e00000| Untracked 
|  95|0x0000000706f00000, 0x0000000706f00000, 0x0000000707000000|  0%| F|  |TAMS 0x0000000706f00000, 0x0000000706f00000| Untracked 
|  96|0x0000000707000000, 0x0000000707000000, 0x0000000707100000|  0%| F|  |TAMS 0x0000000707000000, 0x0000000707000000| Untracked 
|  97|0x0000000707100000, 0x0000000707100000, 0x0000000707200000|  0%| F|  |TAMS 0x0000000707100000, 0x0000000707100000| Untracked 
|  98|0x0000000707200000, 0x0000000707200000, 0x0000000707300000|  0%| F|  |TAMS 0x0000000707200000, 0x0000000707200000| Untracked 
|  99|0x0000000707300000, 0x0000000707300000, 0x0000000707400000|  0%| F|  |TAMS 0x0000000707300000, 0x0000000707300000| Untracked 
| 100|0x0000000707400000, 0x0000000707400000, 0x0000000707500000|  0%| F|  |TAMS 0x0000000707400000, 0x0000000707400000| Untracked 
| 101|0x0000000707500000, 0x0000000707500000, 0x0000000707600000|  0%| F|  |TAMS 0x0000000707500000, 0x0000000707500000| Untracked 
| 102|0x0000000707600000, 0x0000000707600000, 0x0000000707700000|  0%| F|  |TAMS 0x0000000707600000, 0x0000000707600000| Untracked 
| 103|0x0000000707700000, 0x0000000707700000, 0x0000000707800000|  0%| F|  |TAMS 0x0000000707700000, 0x0000000707700000| Untracked 
| 104|0x0000000707800000, 0x0000000707800000, 0x0000000707900000|  0%| F|  |TAMS 0x0000000707800000, 0x0000000707800000| Untracked 
| 105|0x0000000707900000, 0x0000000707900000, 0x0000000707a00000|  0%| F|  |TAMS 0x0000000707900000, 0x0000000707900000| Untracked 
| 106|0x0000000707a00000, 0x0000000707a00000, 0x0000000707b00000|  0%| F|  |TAMS 0x0000000707a00000, 0x0000000707a00000| Untracked 
| 107|0x0000000707b00000, 0x0000000707b00000, 0x0000000707c00000|  0%| F|  |TAMS 0x0000000707b00000, 0x0000000707b00000| Untracked 
| 108|0x0000000707c00000, 0x0000000707c00000, 0x0000000707d00000|  0%| F|  |TAMS 0x0000000707c00000, 0x0000000707c00000| Untracked 
| 109|0x0000000707d00000, 0x0000000707d00000, 0x0000000707e00000|  0%| F|  |TAMS 0x0000000707d00000, 0x0000000707d00000| Untracked 
| 110|0x0000000707e00000, 0x0000000707e00000, 0x0000000707f00000|  0%| F|  |TAMS 0x0000000707e00000, 0x0000000707e00000| Untracked 
| 111|0x0000000707f00000, 0x0000000707f00000, 0x0000000708000000|  0%| F|  |TAMS 0x0000000707f00000, 0x0000000707f00000| Untracked 
| 112|0x0000000708000000, 0x0000000708000000, 0x0000000708100000|  0%| F|  |TAMS 0x0000000708000000, 0x0000000708000000| Untracked 
| 113|0x0000000708100000, 0x0000000708100000, 0x0000000708200000|  0%| F|  |TAMS 0x0000000708100000, 0x0000000708100000| Untracked 
| 114|0x0000000708200000, 0x0000000708200000, 0x0000000708300000|  0%| F|  |TAMS 0x0000000708200000, 0x0000000708200000| Untracked 
| 115|0x0000000708300000, 0x0000000708300000, 0x0000000708400000|  0%| F|  |TAMS 0x0000000708300000, 0x0000000708300000| Untracked 
| 116|0x0000000708400000, 0x0000000708400000, 0x0000000708500000|  0%| F|  |TAMS 0x0000000708400000, 0x0000000708400000| Untracked 
| 117|0x0000000708500000, 0x0000000708500000, 0x0000000708600000|  0%| F|  |TAMS 0x0000000708500000, 0x0000000708500000| Untracked 
| 118|0x0000000708600000, 0x0000000708600000, 0x0000000708700000|  0%| F|  |TAMS 0x0000000708600000, 0x0000000708600000| Untracked 
| 119|0x0000000708700000, 0x0000000708700000, 0x0000000708800000|  0%| F|  |TAMS 0x0000000708700000, 0x0000000708700000| Untracked 
| 120|0x0000000708800000, 0x0000000708800000, 0x0000000708900000|  0%| F|  |TAMS 0x0000000708800000, 0x0000000708800000| Untracked 
| 121|0x0000000708900000, 0x0000000708900000, 0x0000000708a00000|  0%| F|  |TAMS 0x0000000708900000, 0x0000000708900000| Untracked 
| 122|0x0000000708a00000, 0x0000000708a00000, 0x0000000708b00000|  0%| F|  |TAMS 0x0000000708a00000, 0x0000000708a00000| Untracked 
| 123|0x0000000708b00000, 0x0000000708b00000, 0x0000000708c00000|  0%| F|  |TAMS 0x0000000708b00000, 0x0000000708b00000| Untracked 
| 124|0x0000000708c00000, 0x0000000708c00000, 0x0000000708d00000|  0%| F|  |TAMS 0x0000000708c00000, 0x0000000708c00000| Untracked 
| 125|0x0000000708d00000, 0x0000000708d00000, 0x0000000708e00000|  0%| F|  |TAMS 0x0000000708d00000, 0x0000000708d00000| Untracked 
| 126|0x0000000708e00000, 0x0000000708e00000, 0x0000000708f00000|  0%| F|  |TAMS 0x0000000708e00000, 0x0000000708e00000| Untracked 
| 127|0x0000000708f00000, 0x0000000708f00000, 0x0000000709000000|  0%| F|  |TAMS 0x0000000708f00000, 0x0000000708f00000| Untracked 
| 128|0x0000000709000000, 0x0000000709000000, 0x0000000709100000|  0%| F|  |TAMS 0x0000000709000000, 0x0000000709000000| Untracked 
| 129|0x0000000709100000, 0x0000000709100000, 0x0000000709200000|  0%| F|  |TAMS 0x0000000709100000, 0x0000000709100000| Untracked 
| 130|0x0000000709200000, 0x0000000709200000, 0x0000000709300000|  0%| F|  |TAMS 0x0000000709200000, 0x0000000709200000| Untracked 
| 131|0x0000000709300000, 0x0000000709300000, 0x0000000709400000|  0%| F|  |TAMS 0x0000000709300000, 0x0000000709300000| Untracked 
| 132|0x0000000709400000, 0x0000000709400000, 0x0000000709500000|  0%| F|  |TAMS 0x0000000709400000, 0x0000000709400000| Untracked 
| 133|0x0000000709500000, 0x0000000709500000, 0x0000000709600000|  0%| F|  |TAMS 0x0000000709500000, 0x0000000709500000| Untracked 
| 134|0x0000000709600000, 0x0000000709600000, 0x0000000709700000|  0%| F|  |TAMS 0x0000000709600000, 0x0000000709600000| Untracked 
| 135|0x0000000709700000, 0x0000000709700000, 0x0000000709800000|  0%| F|  |TAMS 0x0000000709700000, 0x0000000709700000| Untracked 
| 136|0x0000000709800000, 0x0000000709800000, 0x0000000709900000|  0%| F|  |TAMS 0x0000000709800000, 0x0000000709800000| Untracked 
| 137|0x0000000709900000, 0x0000000709900000, 0x0000000709a00000|  0%| F|  |TAMS 0x0000000709900000, 0x0000000709900000| Untracked 
| 138|0x0000000709a00000, 0x0000000709a00000, 0x0000000709b00000|  0%| F|  |TAMS 0x0000000709a00000, 0x0000000709a00000| Untracked 
| 139|0x0000000709b00000, 0x0000000709b00000, 0x0000000709c00000|  0%| F|  |TAMS 0x0000000709b00000, 0x0000000709b00000| Untracked 
| 140|0x0000000709c00000, 0x0000000709c00000, 0x0000000709d00000|  0%| F|  |TAMS 0x0000000709c00000, 0x0000000709c00000| Untracked 
| 141|0x0000000709d00000, 0x0000000709d00000, 0x0000000709e00000|  0%| F|  |TAMS 0x0000000709d00000, 0x0000000709d00000| Untracked 
| 142|0x0000000709e00000, 0x0000000709e00000, 0x0000000709f00000|  0%| F|  |TAMS 0x0000000709e00000, 0x0000000709e00000| Untracked 
| 143|0x0000000709f00000, 0x0000000709f00000, 0x000000070a000000|  0%| F|  |TAMS 0x0000000709f00000, 0x0000000709f00000| Untracked 
| 144|0x000000070a000000, 0x000000070a000000, 0x000000070a100000|  0%| F|  |TAMS 0x000000070a000000, 0x000000070a000000| Untracked 
| 145|0x000000070a100000, 0x000000070a100000, 0x000000070a200000|  0%| F|  |TAMS 0x000000070a100000, 0x000000070a100000| Untracked 
| 146|0x000000070a200000, 0x000000070a200000, 0x000000070a300000|  0%| F|  |TAMS 0x000000070a200000, 0x000000070a200000| Untracked 
| 147|0x000000070a300000, 0x000000070a300000, 0x000000070a400000|  0%| F|  |TAMS 0x000000070a300000, 0x000000070a300000| Untracked 
| 148|0x000000070a400000, 0x000000070a400000, 0x000000070a500000|  0%| F|  |TAMS 0x000000070a400000, 0x000000070a400000| Untracked 
| 149|0x000000070a500000, 0x000000070a500000, 0x000000070a600000|  0%| F|  |TAMS 0x000000070a500000, 0x000000070a500000| Untracked 
| 150|0x000000070a600000, 0x000000070a600000, 0x000000070a700000|  0%| F|  |TAMS 0x000000070a600000, 0x000000070a600000| Untracked 
| 151|0x000000070a700000, 0x000000070a700000, 0x000000070a800000|  0%| F|  |TAMS 0x000000070a700000, 0x000000070a700000| Untracked 
| 152|0x000000070a800000, 0x000000070a800000, 0x000000070a900000|  0%| F|  |TAMS 0x000000070a800000, 0x000000070a800000| Untracked 
| 153|0x000000070a900000, 0x000000070a900000, 0x000000070aa00000|  0%| F|  |TAMS 0x000000070a900000, 0x000000070a900000| Untracked 
| 154|0x000000070aa00000, 0x000000070aa00000, 0x000000070ab00000|  0%| F|  |TAMS 0x000000070aa00000, 0x000000070aa00000| Untracked 
| 155|0x000000070ab00000, 0x000000070ab00000, 0x000000070ac00000|  0%| F|  |TAMS 0x000000070ab00000, 0x000000070ab00000| Untracked 
| 156|0x000000070ac00000, 0x000000070ac00000, 0x000000070ad00000|  0%| F|  |TAMS 0x000000070ac00000, 0x000000070ac00000| Untracked 
| 157|0x000000070ad00000, 0x000000070ad00000, 0x000000070ae00000|  0%| F|  |TAMS 0x000000070ad00000, 0x000000070ad00000| Untracked 
| 158|0x000000070ae00000, 0x000000070ae00000, 0x000000070af00000|  0%| F|  |TAMS 0x000000070ae00000, 0x000000070ae00000| Untracked 
| 159|0x000000070af00000, 0x000000070af00000, 0x000000070b000000|  0%| F|  |TAMS 0x000000070af00000, 0x000000070af00000| Untracked 
| 160|0x000000070b000000, 0x000000070b000000, 0x000000070b100000|  0%| F|  |TAMS 0x000000070b000000, 0x000000070b000000| Untracked 
| 161|0x000000070b100000, 0x000000070b100000, 0x000000070b200000|  0%| F|  |TAMS 0x000000070b100000, 0x000000070b100000| Untracked 
| 162|0x000000070b200000, 0x000000070b200000, 0x000000070b300000|  0%| F|  |TAMS 0x000000070b200000, 0x000000070b200000| Untracked 
| 163|0x000000070b300000, 0x000000070b300000, 0x000000070b400000|  0%| F|  |TAMS 0x000000070b300000, 0x000000070b300000| Untracked 
| 164|0x000000070b400000, 0x000000070b400000, 0x000000070b500000|  0%| F|  |TAMS 0x000000070b400000, 0x000000070b400000| Untracked 
| 165|0x000000070b500000, 0x000000070b500000, 0x000000070b600000|  0%| F|  |TAMS 0x000000070b500000, 0x000000070b500000| Untracked 
| 166|0x000000070b600000, 0x000000070b600000, 0x000000070b700000|  0%| F|  |TAMS 0x000000070b600000, 0x000000070b600000| Untracked 
| 167|0x000000070b700000, 0x000000070b700000, 0x000000070b800000|  0%| F|  |TAMS 0x000000070b700000, 0x000000070b700000| Untracked 
| 168|0x000000070b800000, 0x000000070b800000, 0x000000070b900000|  0%| F|  |TAMS 0x000000070b800000, 0x000000070b800000| Untracked 
| 169|0x000000070b900000, 0x000000070b900000, 0x000000070ba00000|  0%| F|  |TAMS 0x000000070b900000, 0x000000070b900000| Untracked 
| 170|0x000000070ba00000, 0x000000070ba00000, 0x000000070bb00000|  0%| F|  |TAMS 0x000000070ba00000, 0x000000070ba00000| Untracked 
| 171|0x000000070bb00000, 0x000000070bb00000, 0x000000070bc00000|  0%| F|  |TAMS 0x000000070bb00000, 0x000000070bb00000| Untracked 
| 172|0x000000070bc00000, 0x000000070bc00000, 0x000000070bd00000|  0%| F|  |TAMS 0x000000070bc00000, 0x000000070bc00000| Untracked 
| 173|0x000000070bd00000, 0x000000070bd00000, 0x000000070be00000|  0%| F|  |TAMS 0x000000070bd00000, 0x000000070bd00000| Untracked 
| 174|0x000000070be00000, 0x000000070be00000, 0x000000070bf00000|  0%| F|  |TAMS 0x000000070be00000, 0x000000070be00000| Untracked 
| 175|0x000000070bf00000, 0x000000070bf00000, 0x000000070c000000|  0%| F|  |TAMS 0x000000070bf00000, 0x000000070bf00000| Untracked 
| 176|0x000000070c000000, 0x000000070c000000, 0x000000070c100000|  0%| F|  |TAMS 0x000000070c000000, 0x000000070c000000| Untracked 
| 177|0x000000070c100000, 0x000000070c100000, 0x000000070c200000|  0%| F|  |TAMS 0x000000070c100000, 0x000000070c100000| Untracked 
| 178|0x000000070c200000, 0x000000070c200000, 0x000000070c300000|  0%| F|  |TAMS 0x000000070c200000, 0x000000070c200000| Untracked 
| 179|0x000000070c300000, 0x000000070c300000, 0x000000070c400000|  0%| F|  |TAMS 0x000000070c300000, 0x000000070c300000| Untracked 
| 180|0x000000070c400000, 0x000000070c400000, 0x000000070c500000|  0%| F|  |TAMS 0x000000070c400000, 0x000000070c400000| Untracked 
| 181|0x000000070c500000, 0x000000070c500000, 0x000000070c600000|  0%| F|  |TAMS 0x000000070c500000, 0x000000070c500000| Untracked 
| 182|0x000000070c600000, 0x000000070c600000, 0x000000070c700000|  0%| F|  |TAMS 0x000000070c600000, 0x000000070c600000| Untracked 
| 183|0x000000070c700000, 0x000000070c700000, 0x000000070c800000|  0%| F|  |TAMS 0x000000070c700000, 0x000000070c700000| Untracked 
| 184|0x000000070c800000, 0x000000070c800000, 0x000000070c900000|  0%| F|  |TAMS 0x000000070c800000, 0x000000070c800000| Untracked 
| 185|0x000000070c900000, 0x000000070c900000, 0x000000070ca00000|  0%| F|  |TAMS 0x000000070c900000, 0x000000070c900000| Untracked 
| 186|0x000000070ca00000, 0x000000070ca00000, 0x000000070cb00000|  0%| F|  |TAMS 0x000000070ca00000, 0x000000070ca00000| Untracked 
| 187|0x000000070cb00000, 0x000000070cb00000, 0x000000070cc00000|  0%| F|  |TAMS 0x000000070cb00000, 0x000000070cb00000| Untracked 
| 188|0x000000070cc00000, 0x000000070cc00000, 0x000000070cd00000|  0%| F|  |TAMS 0x000000070cc00000, 0x000000070cc00000| Untracked 
| 189|0x000000070cd00000, 0x000000070cd00000, 0x000000070ce00000|  0%| F|  |TAMS 0x000000070cd00000, 0x000000070cd00000| Untracked 
| 190|0x000000070ce00000, 0x000000070ce00000, 0x000000070cf00000|  0%| F|  |TAMS 0x000000070ce00000, 0x000000070ce00000| Untracked 
| 191|0x000000070cf00000, 0x000000070cf00000, 0x000000070d000000|  0%| F|  |TAMS 0x000000070cf00000, 0x000000070cf00000| Untracked 
| 192|0x000000070d000000, 0x000000070d000000, 0x000000070d100000|  0%| F|  |TAMS 0x000000070d000000, 0x000000070d000000| Untracked 
| 193|0x000000070d100000, 0x000000070d100000, 0x000000070d200000|  0%| F|  |TAMS 0x000000070d100000, 0x000000070d100000| Untracked 
| 194|0x000000070d200000, 0x000000070d200000, 0x000000070d300000|  0%| F|  |TAMS 0x000000070d200000, 0x000000070d200000| Untracked 
| 195|0x000000070d300000, 0x000000070d300000, 0x000000070d400000|  0%| F|  |TAMS 0x000000070d300000, 0x000000070d300000| Untracked 
| 196|0x000000070d400000, 0x000000070d400000, 0x000000070d500000|  0%| F|  |TAMS 0x000000070d400000, 0x000000070d400000| Untracked 
| 197|0x000000070d500000, 0x000000070d500000, 0x000000070d600000|  0%| F|  |TAMS 0x000000070d500000, 0x000000070d500000| Untracked 
| 198|0x000000070d600000, 0x000000070d600000, 0x000000070d700000|  0%| F|  |TAMS 0x000000070d600000, 0x000000070d600000| Untracked 
| 199|0x000000070d700000, 0x000000070d700000, 0x000000070d800000|  0%| F|  |TAMS 0x000000070d700000, 0x000000070d700000| Untracked 
| 200|0x000000070d800000, 0x000000070d800000, 0x000000070d900000|  0%| F|  |TAMS 0x000000070d800000, 0x000000070d800000| Untracked 
| 201|0x000000070d900000, 0x000000070d900000, 0x000000070da00000|  0%| F|  |TAMS 0x000000070d900000, 0x000000070d900000| Untracked 
| 202|0x000000070da00000, 0x000000070da00000, 0x000000070db00000|  0%| F|  |TAMS 0x000000070da00000, 0x000000070da00000| Untracked 
| 203|0x000000070db00000, 0x000000070db00000, 0x000000070dc00000|  0%| F|  |TAMS 0x000000070db00000, 0x000000070db00000| Untracked 
| 204|0x000000070dc00000, 0x000000070dc00000, 0x000000070dd00000|  0%| F|  |TAMS 0x000000070dc00000, 0x000000070dc00000| Untracked 
| 205|0x000000070dd00000, 0x000000070dd00000, 0x000000070de00000|  0%| F|  |TAMS 0x000000070dd00000, 0x000000070dd00000| Untracked 
| 206|0x000000070de00000, 0x000000070de00000, 0x000000070df00000|  0%| F|  |TAMS 0x000000070de00000, 0x000000070de00000| Untracked 
| 207|0x000000070df00000, 0x000000070df00000, 0x000000070e000000|  0%| F|  |TAMS 0x000000070df00000, 0x000000070df00000| Untracked 
| 208|0x000000070e000000, 0x000000070e000000, 0x000000070e100000|  0%| F|  |TAMS 0x000000070e000000, 0x000000070e000000| Untracked 
| 209|0x000000070e100000, 0x000000070e100000, 0x000000070e200000|  0%| F|  |TAMS 0x000000070e100000, 0x000000070e100000| Untracked 
| 210|0x000000070e200000, 0x000000070e200000, 0x000000070e300000|  0%| F|  |TAMS 0x000000070e200000, 0x000000070e200000| Untracked 
| 211|0x000000070e300000, 0x000000070e300000, 0x000000070e400000|  0%| F|  |TAMS 0x000000070e300000, 0x000000070e300000| Untracked 
| 212|0x000000070e400000, 0x000000070e400000, 0x000000070e500000|  0%| F|  |TAMS 0x000000070e400000, 0x000000070e400000| Untracked 
| 213|0x000000070e500000, 0x000000070e500000, 0x000000070e600000|  0%| F|  |TAMS 0x000000070e500000, 0x000000070e500000| Untracked 
| 214|0x000000070e600000, 0x000000070e600000, 0x000000070e700000|  0%| F|  |TAMS 0x000000070e600000, 0x000000070e600000| Untracked 
| 215|0x000000070e700000, 0x000000070e700000, 0x000000070e800000|  0%| F|  |TAMS 0x000000070e700000, 0x000000070e700000| Untracked 
| 216|0x000000070e800000, 0x000000070e800000, 0x000000070e900000|  0%| F|  |TAMS 0x000000070e800000, 0x000000070e800000| Untracked 
| 217|0x000000070e900000, 0x000000070e900000, 0x000000070ea00000|  0%| F|  |TAMS 0x000000070e900000, 0x000000070e900000| Untracked 
| 218|0x000000070ea00000, 0x000000070ea00000, 0x000000070eb00000|  0%| F|  |TAMS 0x000000070ea00000, 0x000000070ea00000| Untracked 
| 219|0x000000070eb00000, 0x000000070eb00000, 0x000000070ec00000|  0%| F|  |TAMS 0x000000070eb00000, 0x000000070eb00000| Untracked 
| 220|0x000000070ec00000, 0x000000070ec00000, 0x000000070ed00000|  0%| F|  |TAMS 0x000000070ec00000, 0x000000070ec00000| Untracked 
| 221|0x000000070ed00000, 0x000000070ed00000, 0x000000070ee00000|  0%| F|  |TAMS 0x000000070ed00000, 0x000000070ed00000| Untracked 
| 222|0x000000070ee00000, 0x000000070ee00000, 0x000000070ef00000|  0%| F|  |TAMS 0x000000070ee00000, 0x000000070ee00000| Untracked 
| 223|0x000000070ef00000, 0x000000070ef00000, 0x000000070f000000|  0%| F|  |TAMS 0x000000070ef00000, 0x000000070ef00000| Untracked 
| 224|0x000000070f000000, 0x000000070f000000, 0x000000070f100000|  0%| F|  |TAMS 0x000000070f000000, 0x000000070f000000| Untracked 
| 225|0x000000070f100000, 0x000000070f100000, 0x000000070f200000|  0%| F|  |TAMS 0x000000070f100000, 0x000000070f100000| Untracked 
| 226|0x000000070f200000, 0x000000070f200000, 0x000000070f300000|  0%| F|  |TAMS 0x000000070f200000, 0x000000070f200000| Untracked 
| 227|0x000000070f300000, 0x000000070f300000, 0x000000070f400000|  0%| F|  |TAMS 0x000000070f300000, 0x000000070f300000| Untracked 
| 228|0x000000070f400000, 0x000000070f400000, 0x000000070f500000|  0%| F|  |TAMS 0x000000070f400000, 0x000000070f400000| Untracked 
| 229|0x000000070f500000, 0x000000070f500000, 0x000000070f600000|  0%| F|  |TAMS 0x000000070f500000, 0x000000070f500000| Untracked 
| 230|0x000000070f600000, 0x000000070f600000, 0x000000070f700000|  0%| F|  |TAMS 0x000000070f600000, 0x000000070f600000| Untracked 
| 231|0x000000070f700000, 0x000000070f7eb5e0, 0x000000070f800000| 91%| S|CS|TAMS 0x000000070f700000, 0x000000070f700000| Complete 
| 232|0x000000070f800000, 0x000000070f900000, 0x000000070f900000|100%| S|CS|TAMS 0x000000070f800000, 0x000000070f800000| Complete 
| 233|0x000000070f900000, 0x000000070fa00000, 0x000000070fa00000|100%| S|CS|TAMS 0x000000070f900000, 0x000000070f900000| Complete 
| 234|0x000000070fa00000, 0x000000070fa00000, 0x000000070fb00000|  0%| F|  |TAMS 0x000000070fa00000, 0x000000070fa00000| Untracked 
| 235|0x000000070fb00000, 0x000000070fb00000, 0x000000070fc00000|  0%| F|  |TAMS 0x000000070fb00000, 0x000000070fb00000| Untracked 
| 236|0x000000070fc00000, 0x000000070fc00000, 0x000000070fd00000|  0%| F|  |TAMS 0x000000070fc00000, 0x000000070fc00000| Untracked 
| 237|0x000000070fd00000, 0x000000070fd00000, 0x000000070fe00000|  0%| F|  |TAMS 0x000000070fd00000, 0x000000070fd00000| Untracked 
| 238|0x000000070fe00000, 0x000000070fe00000, 0x000000070ff00000|  0%| F|  |TAMS 0x000000070fe00000, 0x000000070fe00000| Untracked 
| 239|0x000000070ff00000, 0x000000070ff00000, 0x0000000710000000|  0%| F|  |TAMS 0x000000070ff00000, 0x000000070ff00000| Untracked 
| 240|0x0000000710000000, 0x0000000710000000, 0x0000000710100000|  0%| F|  |TAMS 0x0000000710000000, 0x0000000710000000| Untracked 
| 241|0x0000000710100000, 0x0000000710100000, 0x0000000710200000|  0%| F|  |TAMS 0x0000000710100000, 0x0000000710100000| Untracked 
| 242|0x0000000710200000, 0x0000000710200000, 0x0000000710300000|  0%| F|  |TAMS 0x0000000710200000, 0x0000000710200000| Untracked 
| 243|0x0000000710300000, 0x0000000710300000, 0x0000000710400000|  0%| F|  |TAMS 0x0000000710300000, 0x0000000710300000| Untracked 
| 244|0x0000000710400000, 0x0000000710400000, 0x0000000710500000|  0%| F|  |TAMS 0x0000000710400000, 0x0000000710400000| Untracked 
| 245|0x0000000710500000, 0x0000000710500000, 0x0000000710600000|  0%| F|  |TAMS 0x0000000710500000, 0x0000000710500000| Untracked 
| 246|0x0000000710600000, 0x0000000710600000, 0x0000000710700000|  0%| F|  |TAMS 0x0000000710600000, 0x0000000710600000| Untracked 
| 247|0x0000000710700000, 0x0000000710700000, 0x0000000710800000|  0%| F|  |TAMS 0x0000000710700000, 0x0000000710700000| Untracked 
| 248|0x0000000710800000, 0x0000000710800000, 0x0000000710900000|  0%| F|  |TAMS 0x0000000710800000, 0x0000000710800000| Untracked 
| 249|0x0000000710900000, 0x0000000710900000, 0x0000000710a00000|  0%| F|  |TAMS 0x0000000710900000, 0x0000000710900000| Untracked 
| 250|0x0000000710a00000, 0x0000000710a00000, 0x0000000710b00000|  0%| F|  |TAMS 0x0000000710a00000, 0x0000000710a00000| Untracked 
| 251|0x0000000710b00000, 0x0000000710b00000, 0x0000000710c00000|  0%| F|  |TAMS 0x0000000710b00000, 0x0000000710b00000| Untracked 
| 252|0x0000000710c00000, 0x0000000710c00000, 0x0000000710d00000|  0%| F|  |TAMS 0x0000000710c00000, 0x0000000710c00000| Untracked 
| 253|0x0000000710d00000, 0x0000000710d00000, 0x0000000710e00000|  0%| F|  |TAMS 0x0000000710d00000, 0x0000000710d00000| Untracked 
| 254|0x0000000710e00000, 0x0000000710e89368, 0x0000000710f00000| 53%| E|  |TAMS 0x0000000710e00000, 0x0000000710e00000| Complete 
| 255|0x0000000710f00000, 0x0000000711000000, 0x0000000711000000|100%| E|CS|TAMS 0x0000000710f00000, 0x0000000710f00000| Complete 

Card table byte_map: [0x000002057a190000,0x000002057a990000] _byte_map_base: 0x0000020576988000

Marking Bits (Prev, Next): (CMBitMap*) 0x000002056f379578, (CMBitMap*) 0x000002056f3795b8
 Prev Bits: [0x000002057b190000, 0x000002057f150000)
 Next Bits: [0x000002050f000000, 0x0000020512fc0000)

Polling page: 0x000002056f160000

Metaspace:

Usage:
  Non-class:      8.13 MB capacity,     6.59 MB ( 81%) used,     1.53 MB ( 19%) free+waste,    12.00 KB ( <1%) overhead. 
      Class:    632.00 KB capacity,   441.94 KB ( 70%) used,   184.56 KB ( 29%) free+waste,     5.50 KB ( <1%) overhead. 
       Both:      8.75 MB capacity,     7.03 MB ( 80%) used,     1.71 MB ( 20%) free+waste,    17.50 KB ( <1%) overhead. 

Virtual space:
  Non-class space:       10.00 MB reserved,       8.25 MB ( 83%) committed 
      Class space:        1.00 GB reserved,     640.00 KB ( <1%) committed 
             Both:        1.01 GB reserved,       8.88 MB ( <1%) committed 

Chunk freelists:
   Non-Class:  120.00 KB
       Class:  8.00 KB
        Both:  128.00 KB

MaxMetaspaceSize: 17179869184.00 GB
CompressedClassSpaceSize: 1.00 GB

CodeHeap 'non-profiled nmethods': size=120000Kb used=302Kb max_used=302Kb free=119698Kb
 bounds [0x0000020507ad0000, 0x0000020507d40000, 0x000002050f000000]
CodeHeap 'profiled nmethods': size=120000Kb used=1521Kb max_used=1521Kb free=118478Kb
 bounds [0x00000205005a0000, 0x0000020500810000, 0x0000020507ad0000]
CodeHeap 'non-nmethods': size=5760Kb used=1622Kb max_used=1640Kb free=4137Kb
 bounds [0x0000020500000000, 0x0000020500270000, 0x00000205005a0000]
 total_blobs=2376 nmethods=903 adapters=915
 compilation: enabled
              stopped_count=0, restarted_count=0
 full_count=0

Compilation events (20 events):
Event: 0.585 Thread 0x000002057fb78000  884       3       java.lang.reflect.Field::acquireFieldAccessor (59 bytes)
Event: 0.585 Thread 0x000002057fb78000 nmethod 884 0x0000020500716d10 code [0x0000020500716f00, 0x0000020500717580]
Event: 0.585 Thread 0x000002057fb78000  887       3       jdk.internal.reflect.ReflectionFactory::newFieldAccessor (43 bytes)
Event: 0.585 Thread 0x000002057fb78000 nmethod 887 0x0000020500717710 code [0x0000020500717900, 0x0000020500717e60]
Event: 0.585 Thread 0x000002057fb78000  891       3       jdk.internal.reflect.UnsafeFieldAccessorImpl::<init> (56 bytes)
Event: 0.585 Thread 0x000002057fb78000 nmethod 891 0x0000020500718090 code [0x00000205007182e0, 0x0000020500718b60]
Event: 0.585 Thread 0x000002057fb78000  892       3       jdk.internal.reflect.FieldAccessorImpl::<init> (5 bytes)
Event: 0.586 Thread 0x000002057fb78000 nmethod 892 0x0000020500718e10 code [0x0000020500718fc0, 0x00000205007191f8]
Event: 0.586 Thread 0x000002057fb78000  893       3       java.lang.reflect.Field::checkAccess (32 bytes)
Event: 0.586 Thread 0x000002057fb78000 nmethod 893 0x0000020500719310 code [0x00000205007194e0, 0x00000205007197f0]
Event: 0.586 Thread 0x000002057fb78000  898       3       jdk.internal.reflect.UnsafeQualifiedLongFieldAccessorImpl::<init> (7 bytes)
Event: 0.586 Thread 0x000002057fb78000 nmethod 898 0x0000020500719910 code [0x0000020500719ac0, 0x0000020500719cf0]
Event: 0.586 Thread 0x000002057fb78000  899       3       jdk.internal.reflect.UnsafeQualifiedFieldAccessorImpl::<init> (11 bytes)
Event: 0.586 Thread 0x000002057fb78000 nmethod 899 0x0000020500719e10 code [0x0000020500719fc0, 0x000002050071a190]
Event: 0.586 Thread 0x000002057fb78000  900       3       jdk.internal.reflect.UnsafeQualifiedLongFieldAccessorImpl::getLong (17 bytes)
Event: 0.586 Thread 0x000002057fb78000 nmethod 900 0x000002050071a210 code [0x000002050071a420, 0x000002050071acc0]
Event: 0.586 Thread 0x000002057fb78000  901       3       jdk.internal.reflect.UnsafeFieldAccessorImpl::ensureObj (23 bytes)
Event: 0.586 Thread 0x000002057fb78000 nmethod 901 0x000002050071af90 code [0x000002050071b1a0, 0x000002050071b900]
Event: 0.586 Thread 0x000002057fb78000  897       3       java.lang.reflect.Field::getLong (29 bytes)
Event: 0.586 Thread 0x000002057fb78000 nmethod 897 0x000002050071bb10 code [0x000002050071bd20, 0x000002050071c340]

GC Heap History (2 events):
Event: 0.576 GC heap before
{Heap before GC invocations=0 (full 0):
 garbage-first heap   total 262144K, used 21504K [0x0000000701000000, 0x0000000800000000)
  region size 1024K, 22 young (22528K), 0 survivors (0K)
 Metaspace       used 6862K, capacity 8640K, committed 8832K, reserved 1056768K
  class space    used 433K, capacity 632K, committed 640K, reserved 1048576K
}
Event: 0.578 GC heap after
{Heap after GC invocations=1 (full 0):
 garbage-first heap   total 262144K, used 2989K [0x0000000701000000, 0x0000000800000000)
  region size 1024K, 3 young (3072K), 3 survivors (3072K)
 Metaspace       used 6862K, capacity 8640K, committed 8832K, reserved 1056768K
  class space    used 433K, capacity 632K, committed 640K, reserved 1048576K
}

Deoptimization events (20 events):
Event: 0.085 Thread 0x000002056f30e800 DEOPT PACKING pc=0x00000205005dfb74 sp=0x0000008047bfc250
Event: 0.085 Thread 0x000002056f30e800 DEOPT UNPACKING pc=0x000002050004964e sp=0x0000008047bfb6a8 mode 0
Event: 0.088 Thread 0x000002056f30e800 Uncommon trap: trap_request=0xffffff45 fr.pc=0x0000020507ad4f28 relative=0x0000000000000208
Event: 0.088 Thread 0x000002056f30e800 Uncommon trap: reason=unstable_if action=reinterpret pc=0x0000020507ad4f28 method=java.lang.String.hashCode()I @ 13 c2
Event: 0.088 Thread 0x000002056f30e800 DEOPT PACKING pc=0x0000020507ad4f28 sp=0x0000008047bfc970
Event: 0.088 Thread 0x000002056f30e800 DEOPT UNPACKING pc=0x000002050004912f sp=0x0000008047bfc908 mode 2
Event: 0.115 Thread 0x000002056f30e800 DEOPT PACKING pc=0x00000205005c9e50 sp=0x0000008047bfdc70
Event: 0.115 Thread 0x000002056f30e800 DEOPT UNPACKING pc=0x000002050004964e sp=0x0000008047bfd0f8 mode 0
Event: 0.123 Thread 0x000002056f30e800 Uncommon trap: trap_request=0xffffff45 fr.pc=0x0000020507af1290 relative=0x0000000000000070
Event: 0.123 Thread 0x000002056f30e800 Uncommon trap: reason=unstable_if action=reinterpret pc=0x0000020507af1290 method=java.nio.Buffer.hasRemaining()Z @ 8 c2
Event: 0.123 Thread 0x000002056f30e800 DEOPT PACKING pc=0x0000020507af1290 sp=0x0000008047bfeb50
Event: 0.123 Thread 0x000002056f30e800 DEOPT UNPACKING pc=0x000002050004912f sp=0x0000008047bfeae8 mode 2
Event: 0.167 Thread 0x0000020515903800 Uncommon trap: trap_request=0xffffff45 fr.pc=0x0000020507ad8464 relative=0x0000000000000044
Event: 0.167 Thread 0x0000020515903800 Uncommon trap: reason=unstable_if action=reinterpret pc=0x0000020507ad8464 method=java.lang.CharacterData.of(I)Ljava/lang/CharacterData; @ 4 c2
Event: 0.167 Thread 0x0000020515903800 DEOPT PACKING pc=0x0000020507ad8464 sp=0x0000008048dfafc0
Event: 0.167 Thread 0x0000020515903800 DEOPT UNPACKING pc=0x000002050004912f sp=0x0000008048dfaf60 mode 2
Event: 0.471 Thread 0x0000020515903800 Uncommon trap: trap_request=0xffffff54 fr.pc=0x0000020507b0a908 relative=0x0000000000000068
Event: 0.471 Thread 0x0000020515903800 Uncommon trap: reason=speculate_null_assert action=make_not_entrant pc=0x0000020507b0a908 method=sun.misc.Unsafe.getLong(Ljava/lang/Object;J)J @ 5 c2
Event: 0.471 Thread 0x0000020515903800 DEOPT PACKING pc=0x0000020507b0a908 sp=0x0000008048dfed60
Event: 0.471 Thread 0x0000020515903800 DEOPT UNPACKING pc=0x000002050004912f sp=0x0000008048dfece8 mode 2

Classes unloaded (0 events):
No events

Classes redefined (0 events):
No events

Internal exceptions (13 events):
Event: 0.088 Thread 0x000002056f30e800 Exception <a 'java/lang/ClassNotFoundException'{0x0000000710c30b50}: sun/awt/resources/spi/awtProvider> (0x0000000710c30b50) 
thrown [t:/workspace/open/src/hotspot/share/classfile/systemDictionary.cpp, line 232]
Event: 0.103 Thread 0x000002056f30e800 Exception <a 'java/io/FileNotFoundException'{0x0000000710c85e80}> (0x0000000710c85e80) 
thrown [t:/workspace/open/src/hotspot/share/prims/jni.cpp, line 598]
Event: 0.106 Thread 0x000002056f30e800 Exception <a 'java/io/FileNotFoundException'{0x0000000710cac3f8}> (0x0000000710cac3f8) 
thrown [t:/workspace/open/src/hotspot/share/prims/jni.cpp, line 598]
Event: 0.143 Thread 0x0000020515903800 Exception <a 'java/lang/NoSuchMethodError'{0x0000000710a5afd8}: 'void java.lang.invoke.DelegatingMethodHandle$Holder.delegate(java.lang.Object, java.lang.Object, int, java.lang.Object)'> (0x0000000710a5afd8) 
thrown [t:/workspace/open/src/hotspot/share/interpreter/linkResolver.cpp, line 767]
Event: 0.143 Thread 0x0000020515903800 Exception <a 'java/lang/NoSuchMethodError'{0x0000000710a61bf0}: 'java.lang.Object java.lang.invoke.DirectMethodHandle$Holder.invokeStaticInit(java.lang.Object, java.lang.Object, java.lang.Object)'> (0x0000000710a61bf0) 
thrown [t:/workspace/open/src/hotspot/share/interpreter/linkResolver.cpp, line 767]
Event: 0.161 Thread 0x0000020515903800 Exception <a 'sun/nio/fs/WindowsException'{0x0000000710acb7d0}> (0x0000000710acb7d0) 
thrown [t:/workspace/open/src/hotspot/share/prims/jni.cpp, line 598]
Event: 0.161 Thread 0x0000020515903800 Exception <a 'sun/nio/fs/WindowsException'{0x0000000710acbd28}> (0x0000000710acbd28) 
thrown [t:/workspace/open/src/hotspot/share/prims/jni.cpp, line 598]
Event: 0.180 Thread 0x0000020515903800 Exception <a 'sun/nio/fs/WindowsException'{0x00000007109e8a58}> (0x00000007109e8a58) 
thrown [t:/workspace/open/src/hotspot/share/prims/jni.cpp, line 598]
Event: 0.180 Thread 0x0000020515903800 Exception <a 'sun/nio/fs/WindowsException'{0x00000007109e8dc8}> (0x00000007109e8dc8) 
thrown [t:/workspace/open/src/hotspot/share/prims/jni.cpp, line 598]
Event: 0.442 Thread 0x0000020515903800 Exception <a 'sun/nio/fs/WindowsException'{0x00000007107075f0}> (0x00000007107075f0) 
thrown [t:/workspace/open/src/hotspot/share/prims/jni.cpp, line 598]
Event: 0.442 Thread 0x0000020515903800 Exception <a 'sun/nio/fs/WindowsException'{0x00000007107079a0}> (0x00000007107079a0) 
thrown [t:/workspace/open/src/hotspot/share/prims/jni.cpp, line 598]
Event: 0.444 Thread 0x0000020515903800 Exception <a 'sun/nio/fs/WindowsException'{0x0000000710730358}> (0x0000000710730358) 
thrown [t:/workspace/open/src/hotspot/share/prims/jni.cpp, line 598]
Event: 0.444 Thread 0x0000020515903800 Exception <a 'sun/nio/fs/WindowsException'{0x0000000710730640}> (0x0000000710730640) 
thrown [t:/workspace/open/src/hotspot/share/prims/jni.cpp, line 598]

Events (20 events):
Event: 0.585 loading class org/lwjgl/system/MultiReleaseMemCopy
Event: 0.585 loading class org/lwjgl/system/MultiReleaseMemCopy done
Event: 0.585 loading class org/lwjgl/opengl/GL11C
Event: 0.585 loading class org/lwjgl/opengl/GL11C done
Event: 0.586 loading class org/lwjgl/opengl/GL30C
Event: 0.586 loading class org/lwjgl/opengl/GL30C done
Event: 0.586 loading class org/lwjgl/opengl/GL21C
Event: 0.586 loading class org/lwjgl/opengl/GL21C done
Event: 0.586 loading class org/lwjgl/opengl/GL20C
Event: 0.586 loading class org/lwjgl/opengl/GL20C done
Event: 0.587 loading class org/lwjgl/opengl/GL15C
Event: 0.587 loading class org/lwjgl/opengl/GL15C done
Event: 0.587 loading class org/lwjgl/opengl/GL14C
Event: 0.587 loading class org/lwjgl/opengl/GL14C done
Event: 0.587 loading class org/lwjgl/opengl/GL13C
Event: 0.587 loading class org/lwjgl/opengl/GL13C done
Event: 0.587 loading class org/lwjgl/opengl/GL12C
Event: 0.587 loading class org/lwjgl/opengl/GL12C done
Event: 0.589 loading class engine/graphics/Mesh
Event: 0.589 loading class engine/graphics/Mesh done


Dynamic libraries:
0x00007ff7d1150000 - 0x00007ff7d115f000 	C:\Program Files\Java\jdk-13.0.2\bin\javaw.exe
0x00007ffffcec0000 - 0x00007ffffd0b0000 	C:\Windows\SYSTEM32\ntdll.dll
0x00007ffffb430000 - 0x00007ffffb4e2000 	C:\Windows\System32\KERNEL32.DLL
0x00007ffffa6a0000 - 0x00007ffffa943000 	C:\Windows\System32\KERNELBASE.dll
0x00007ffffa950000 - 0x00007ffffaa4a000 	C:\Windows\System32\ucrtbase.dll
0x00007fffedd40000 - 0x00007fffedd58000 	C:\Program Files\Java\jdk-13.0.2\bin\jli.dll
0x00007ffffc310000 - 0x00007ffffc3b3000 	C:\Windows\System32\ADVAPI32.dll
0x00007ffffcde0000 - 0x00007ffffce7e000 	C:\Windows\System32\msvcrt.dll
0x00007ffffbc30000 - 0x00007ffffbcc7000 	C:\Windows\System32\sechost.dll
0x00007ffffaf70000 - 0x00007ffffb090000 	C:\Windows\System32\RPCRT4.dll
0x00007ffffbf50000 - 0x00007ffffc0e4000 	C:\Windows\System32\USER32.dll
0x00007ffffaab0000 - 0x00007ffffaad1000 	C:\Windows\System32\win32u.dll
0x00007ffffcdb0000 - 0x00007ffffcdd6000 	C:\Windows\System32\GDI32.dll
0x00007ffffab90000 - 0x00007ffffad24000 	C:\Windows\System32\gdi32full.dll
0x00007ffffad30000 - 0x00007ffffadce000 	C:\Windows\System32\msvcp_win.dll
0x00007fffed670000 - 0x00007fffed685000 	C:\Program Files\Java\jdk-13.0.2\bin\VCRUNTIME140.dll
0x00007fffe38d0000 - 0x00007fffe3b55000 	C:\Windows\WinSxS\amd64_microsoft.windows.common-controls_6595b64144ccf1df_6.0.18362.657_none_e6c5b579130e3898\COMCTL32.dll
0x00007ffffc590000 - 0x00007ffffc8c6000 	C:\Windows\System32\combase.dll
0x00007ffff9ea0000 - 0x00007ffff9f20000 	C:\Windows\System32\bcryptPrimitives.dll
0x00007ffff64a0000 - 0x00007ffff64aa000 	C:\Windows\SYSTEM32\VERSION.dll
0x00007ffffb4f0000 - 0x00007ffffb51e000 	C:\Windows\System32\IMM32.DLL
0x00007fffeb870000 - 0x00007fffeb90b000 	C:\Program Files\Java\jdk-13.0.2\bin\msvcp140.dll
0x00007fffc2ff0000 - 0x00007fffc3b4d000 	C:\Program Files\Java\jdk-13.0.2\bin\server\jvm.dll
0x00007ffffc8d0000 - 0x00007ffffc8d8000 	C:\Windows\System32\PSAPI.DLL
0x00007ffff34f0000 - 0x00007ffff34f9000 	C:\Windows\SYSTEM32\WSOCK32.dll
0x00007fffedfa0000 - 0x00007fffedfc4000 	C:\Windows\SYSTEM32\WINMM.dll
0x00007ffffc0f0000 - 0x00007ffffc15f000 	C:\Windows\System32\WS2_32.dll
0x00007ffff12f0000 - 0x00007ffff131d000 	C:\Windows\SYSTEM32\WINMMBASE.dll
0x00007ffffaf20000 - 0x00007ffffaf6a000 	C:\Windows\System32\cfgmgr32.dll
0x00007ffff9df0000 - 0x00007ffff9e01000 	C:\Windows\System32\kernel.appcore.dll
0x00007ffff3490000 - 0x00007ffff34a0000 	C:\Program Files\Java\jdk-13.0.2\bin\verify.dll
0x00007ffff5230000 - 0x00007ffff5424000 	C:\Windows\SYSTEM32\DBGHELP.DLL
0x00007ffff4f10000 - 0x00007ffff4f3a000 	C:\Windows\SYSTEM32\dbgcore.DLL
0x00007fffedb80000 - 0x00007fffedba6000 	C:\Program Files\Java\jdk-13.0.2\bin\java.dll
0x00007fffed9f0000 - 0x00007fffeda07000 	C:\Program Files\Java\jdk-13.0.2\bin\zip.dll
0x00007fffef840000 - 0x00007fffef84a000 	C:\Program Files\Java\jdk-13.0.2\bin\jimage.dll
0x00007ffffb540000 - 0x00007ffffbc25000 	C:\Windows\System32\SHELL32.dll
0x00007ffffbe40000 - 0x00007ffffbee9000 	C:\Windows\System32\shcore.dll
0x00007ffff9f20000 - 0x00007ffffa69f000 	C:\Windows\System32\windows.storage.dll
0x00007ffff9e30000 - 0x00007ffff9e4f000 	C:\Windows\System32\profapi.dll
0x00007ffff9da0000 - 0x00007ffff9dea000 	C:\Windows\System32\powrprof.dll
0x00007ffff9d90000 - 0x00007ffff9da0000 	C:\Windows\System32\UMPDC.dll
0x00007ffffc8e0000 - 0x00007ffffc932000 	C:\Windows\System32\shlwapi.dll
0x00007ffff9e80000 - 0x00007ffff9e97000 	C:\Windows\System32\cryptsp.dll
0x00007fffed9d0000 - 0x00007fffed9e9000 	C:\Program Files\Java\jdk-13.0.2\bin\net.dll
0x00007ffff6510000 - 0x00007ffff6600000 	C:\Windows\SYSTEM32\WINHTTP.dll
0x00007ffff9600000 - 0x00007ffff9667000 	C:\Windows\system32\mswsock.dll
0x00007fffed980000 - 0x00007fffed993000 	C:\Program Files\Java\jdk-13.0.2\bin\nio.dll
0x00007fffc40d0000 - 0x00007fffc4269000 	C:\Program Files\Java\jdk-13.0.2\bin\awt.dll
0x00007ffffb1e0000 - 0x00007ffffb2a4000 	C:\Windows\System32\OLEAUT32.dll
0x00007ffff7fe0000 - 0x00007ffff806f000 	C:\Windows\SYSTEM32\apphelp.dll
0x00007fffeb800000 - 0x00007fffeb864000 	C:\Users\storm\AppData\Local\Temp\lwjglstorm\3.2.3-build-13\lwjgl.dll
0x00007fffdddb0000 - 0x00007fffdde12000 	C:\Users\storm\AppData\Local\Temp\lwjglstorm\3.2.3-build-13\glfw.dll
0x00007ffff8110000 - 0x00007ffff81a9000 	C:\Windows\system32\uxtheme.dll
0x00007fffdff70000 - 0x00007fffdffb3000 	C:\Windows\SYSTEM32\dinput8.dll
0x00007fffed910000 - 0x00007fffed921000 	C:\Windows\SYSTEM32\xinput1_4.dll
0x00007ffff9b90000 - 0x00007ffff9bba000 	C:\Windows\SYSTEM32\DEVOBJ.dll
0x00007ffff8530000 - 0x00007ffff855d000 	C:\Windows\SYSTEM32\dwmapi.dll
0x00007fffeb240000 - 0x00007fffeb35a000 	C:\Windows\SYSTEM32\inputhost.dll
0x00007ffff6010000 - 0x00007ffff6163000 	C:\Windows\SYSTEM32\wintypes.dll
0x00007ffff3380000 - 0x00007ffff346f000 	C:\Windows\SYSTEM32\PROPSYS.dll
0x00007fffec6e0000 - 0x00007fffeca0a000 	C:\Windows\SYSTEM32\CoreUIComponents.dll
0x00007ffff7e00000 - 0x00007ffff7ed4000 	C:\Windows\SYSTEM32\CoreMessaging.dll
0x00007ffff8df0000 - 0x00007ffff8e21000 	C:\Windows\SYSTEM32\ntmarta.dll
0x00007ffffc3d0000 - 0x00007ffffc505000 	C:\Windows\System32\MSCTF.dll
0x00007ffff89a0000 - 0x00007ffff89ae000 	C:\Windows\SYSTEM32\HID.DLL
0x00007ffffc940000 - 0x00007ffffcdb0000 	C:\Windows\System32\SETUPAPI.DLL
0x00007ffff9e50000 - 0x00007ffff9e76000 	C:\Windows\System32\bcrypt.dll
0x00007ffffaa50000 - 0x00007ffffaaac000 	C:\Windows\System32\WINTRUST.dll
0x00007ffff9e10000 - 0x00007ffff9e22000 	C:\Windows\System32\MSASN1.dll
0x00007ffffadd0000 - 0x00007ffffaf19000 	C:\Windows\System32\CRYPT32.dll
0x00007fffc58c0000 - 0x00007fffc5a16000 	C:\Windows\SYSTEM32\opengl32.dll
0x00007fffeb7d0000 - 0x00007fffeb7fc000 	C:\Windows\SYSTEM32\GLU32.dll
0x00007ffff8a00000 - 0x00007ffff8a20000 	C:\Windows\SYSTEM32\dxcore.dll
0x00000000751d0000 - 0x0000000077921000 	C:\Windows\System32\DriverStore\FileRepository\nv_dispi.inf_amd64_90685a092bcf58c7\nvoglv64.dll
0x00007ffffbcd0000 - 0x00007ffffbe26000 	C:\Windows\System32\ole32.dll
0x00007ffff6660000 - 0x00007ffff6673000 	C:\Windows\SYSTEM32\WTSAPI32.dll
0x00007ffff8e60000 - 0x00007ffff8ebc000 	C:\Windows\SYSTEM32\WINSTA.dll
0x00007fffeb360000 - 0x00007fffeb3fe000 	C:\Windows\System32\TextInputFramework.dll
0x00007ffff30d0000 - 0x00007ffff3376000 	C:\Windows\System32\iertutil.dll
0x00007fffddd50000 - 0x00007fffddda9000 	C:\Users\storm\AppData\Local\Temp\lwjglstorm\3.2.3-build-13\lwjgl_opengl.dll

dbghelp: loaded successfully - version: 4.0.5 - missing functions: none
symbol engine: initialized successfully - sym options: 0x614 - pdb path: .;C:\Program Files\Java\jdk-13.0.2\bin;C:\Windows\SYSTEM32;C:\Windows\WinSxS\amd64_microsoft.windows.common-controls_6595b64144ccf1df_6.0.18362.657_none_e6c5b579130e3898;C:\Program Files\Java\jdk-13.0.2\bin\server;C:\Users\storm\AppData\Local\Temp\lwjglstorm\3.2.3-build-13;C:\Windows\System32\DriverStore\FileRepository\nv_dispi.inf_amd64_90685a092bcf58c7

VM Arguments:
jvm_args: -Dfile.encoding=Cp1252 
java_command: minecraft.Start
java_class_path (initial): C:\Users\storm\Desktop\Textures\lwjgl\lwjgl.jar;C:\Users\storm\Desktop\Textures\lwjgl\lwjgl-assimp.jar;C:\Users\storm\Desktop\Textures\lwjgl\lwjgl-assimp-javadoc.jar;C:\Users\storm\Desktop\Textures\lwjgl\lwjgl-assimp-natives-windows.jar;C:\Users\storm\Desktop\Textures\lwjgl\lwjgl-assimp-sources.jar;C:\Users\storm\Desktop\Textures\lwjgl\lwjgl-bgfx.jar;C:\Users\storm\Desktop\Textures\lwjgl\lwjgl-bgfx-javadoc.jar;C:\Users\storm\Desktop\Textures\lwjgl\lwjgl-bgfx-natives-windows.jar;C:\Users\storm\Desktop\Textures\lwjgl\lwjgl-bgfx-sources.jar;C:\Users\storm\Desktop\Textures\lwjgl\lwjgl-glfw.jar;C:\Users\storm\Desktop\Textures\lwjgl\lwjgl-glfw-javadoc.jar;C:\Users\storm\Desktop\Textures\lwjgl\lwjgl-glfw-natives-windows.jar;C:\Users\storm\Desktop\Textures\lwjgl\lwjgl-glfw-sources.jar;C:\Users\storm\Desktop\Textures\lwjgl\lwjgl-javadoc.jar;C:\Users\storm\Desktop\Textures\lwjgl\lwjgl-nanovg.jar;C:\Users\storm\Desktop\Textures\lwjgl\lwjgl-nanovg-javadoc.jar;C:\Users\storm\Desktop\Textures\lwjgl\lwjgl-nanovg-natives-windows.jar;C:\Users\storm\Desktop\Textures\lwjgl\lwjgl-nanovg-sources.jar;C:\Users\storm\Desktop\Textures\lwjgl\lwjgl-natives-windows.jar;C:\Users\storm\Desktop\Textures\lwjgl\lwjgl-nuklear.jar;C:\Users\storm\Desktop\Textures\lwjgl\lwjgl-nuklear-javadoc.jar;C:\Users\storm\Desktop\Textures\lwjgl\lwjgl-nuklear-natives-windows.jar;C:\Users\storm\Desktop\Textures\lwjgl\lwjgl-nuklear-sources.jar;C:\Users\storm\Desktop\Textures\lwjgl\lwjgl-openal.jar;C:\Users\storm\Desktop\Textures\lwjgl\lwjgl-openal-javadoc.jar;C:\Users\storm\Desktop\Textures\lwjgl\lwjgl-openal-natives-windows.jar;C:\Users\storm\Desktop\Textures\lwjgl\lwjgl-openal-sources.jar;C:\Users\storm\Desktop\Textures\lwjgl\lwjgl-opengl.jar;C:\Users\storm\Desktop\Textures\lwjgl\lwjgl-opengl-javadoc.jar;C:\Users\storm\Desktop\Textures\lwjgl\lwjgl-opengl-natives-windows.jar;C:\Users\storm\Desktop\Textures\lwjgl\lwjgl-opengl-sources.jar;C:\Users\storm\Desktop\Textures\lwjgl\lwjgl-par.jar
Launcher Type: SUN_STANDARD

[Global flags]
     intx CICompilerCount                          = 3                                         {product} {ergonomic}
     uint ConcGCThreads                            = 2                                         {product} {ergonomic}
     uint G1ConcRefinementThreads                  = 6                                         {product} {ergonomic}
   size_t G1HeapRegionSize                         = 1048576                                   {product} {ergonomic}
    uintx GCDrainStackTargetSize                   = 64                                        {product} {ergonomic}
   size_t InitialHeapSize                          = 268435456                                 {product} {ergonomic}
   size_t MarkStackSize                            = 4194304                                   {product} {ergonomic}
   size_t MaxHeapSize                              = 4278190080                                {product} {ergonomic}
   size_t MaxNewSize                               = 2566914048                                {product} {ergonomic}
   size_t MinHeapDeltaBytes                        = 1048576                                   {product} {ergonomic}
   size_t MinHeapSize                              = 8388608                                   {product} {ergonomic}
    uintx NonNMethodCodeHeapSize                   = 5832780                                {pd product} {ergonomic}
    uintx NonProfiledCodeHeapSize                  = 122912730                              {pd product} {ergonomic}
    uintx ProfiledCodeHeapSize                     = 122912730                              {pd product} {ergonomic}
    uintx ReservedCodeCacheSize                    = 251658240                              {pd product} {ergonomic}
     bool SegmentedCodeCache                       = true                                      {product} {ergonomic}
   size_t SoftMaxHeapSize                          = 4278190080                             {manageable} {ergonomic}
     bool UseCompressedClassPointers               = true                                 {lp64_product} {ergonomic}
     bool UseCompressedOops                        = true                                 {lp64_product} {ergonomic}
     bool UseG1GC                                  = true                                      {product} {ergonomic}
     bool UseLargePagesIndividualAllocation        = false                                  {pd product} {ergonomic}

Logging:
Log output configuration:
 #0: stdout all=warning uptime,level,tags
 #1: stderr all=off uptime,level,tags

Environment Variables:
PATH=C:/Program Files/Java/jdk-13.0.2/bin/server;C:/Program Files/Java/jdk-13.0.2/bin;C:\Program Files (x86)\Common Files\Oracle\Java\javapath;C:\Python27\;C:\Python27\Scripts;C:\Windows\system32;C:\Windows;C:\Windows\System32\Wbem;C:\Windows\System32\WindowsPowerShell\v1.0\;C:\Windows\System32\OpenSSH\;C:\ProgramData\chocolatey\bin;C:\Program Files\nodejs\;C:\Users\storm\scoop\shims;C:\Users\storm\AppData\Local\Programs\Python\Python37\Scripts\;C:\Users\storm\AppData\Local\Programs\Python\Python37\;C:\Users\storm\AppData\Local\Microsoft\WindowsApps;C:\Users\storm\AppData\Local\atom\bin;C:\Users\storm\AppData\Roaming\npm;C:\Windows\system32;
USERNAME=storm
OS=Windows_NT
PROCESSOR_IDENTIFIER=Intel64 Family 6 Model 158 Stepping 13, GenuineIntel



---------------  S Y S T E M  ---------------

OS: Windows 10 , 64 bit Build 18362 (10.0.18362.329)

CPU:total 6 (initial active 6) (6 cores per cpu, 1 threads per core) family 6 model 158 stepping 13, cmov, cx8, fxsr, mmx, sse, sse2, sse3, ssse3, sse4.1, sse4.2, popcnt, avx, avx2, aes, clmul, erms, rtm, 3dnowpref, lzcnt, tsc, tscinvbit, bmi1, bmi2, adx, fma

Memory: 4k page, system-wide physical 16319M (8672M free)
TotalPageFile size 18751M (AvailPageFile size 6353M)
current process WorkingSet (physical memory assigned to process): 114M, peak: 117M
current process commit charge ("private bytes"): 407M, peak: 409M

vm_info: Java HotSpot(TM) 64-Bit Server VM (13.0.2+8) for windows-amd64 JRE (13.0.2+8), built on Dec 11 2019 09:20:33 by "mach5one" with unknown MS VC++:1916

END.
